TN:
SF:src\api\controllers\field.controller.js
FN:5,(anonymous_0)
FN:13,(anonymous_1)
FN:49,(anonymous_2)
FN:77,(anonymous_3)
FN:106,(anonymous_4)
FN:134,(anonymous_5)
FN:147,(anonymous_6)
FN:159,(anonymous_7)
FN:188,(anonymous_8)
FNF:9
FNH:9
FNDA:23,(anonymous_0)
FNDA:4,(anonymous_1)
FNDA:2,(anonymous_2)
FNDA:3,(anonymous_3)
FNDA:2,(anonymous_4)
FNDA:3,(anonymous_5)
FNDA:3,(anonymous_6)
FNDA:3,(anonymous_7)
FNDA:3,(anonymous_8)
DA:1,13
DA:2,13
DA:5,23
DA:11,13
DA:14,4
DA:15,4
DA:16,4
DA:17,4
DA:18,4
DA:19,2
DA:27,2
DA:28,2
DA:37,2
DA:44,2
DA:50,2
DA:51,2
DA:52,2
DA:53,2
DA:54,2
DA:55,2
DA:57,1
DA:58,1
DA:66,1
DA:72,1
DA:78,3
DA:79,3
DA:80,3
DA:81,3
DA:82,3
DA:83,3
DA:85,1
DA:86,1
DA:95,1
DA:101,2
DA:107,2
DA:108,2
DA:109,2
DA:110,2
DA:111,2
DA:112,2
DA:113,2
DA:114,1
DA:115,1
DA:123,1
DA:129,1
DA:135,3
DA:136,3
DA:137,3
DA:138,3
DA:139,3
DA:140,2
DA:142,1
DA:148,3
DA:149,3
DA:150,3
DA:151,3
DA:152,1
DA:154,2
DA:160,3
DA:161,3
DA:162,3
DA:163,3
DA:164,3
DA:165,3
DA:167,1
DA:168,1
DA:177,1
DA:183,2
DA:189,3
DA:190,3
DA:191,3
DA:192,3
DA:193,2
DA:195,1
LF:74
LH:74
BRDA:15,0,0,4
BRDA:15,0,1,3
BRDA:18,1,0,4
BRDA:18,1,1,0
BRDA:20,2,0,2
BRDA:20,2,1,0
BRDA:20,2,2,0
BRDA:21,3,0,2
BRDA:21,3,1,1
BRDA:22,4,0,2
BRDA:22,4,1,0
BRDA:23,5,0,2
BRDA:23,5,1,0
BRDA:24,6,0,2
BRDA:24,6,1,1
BRDA:51,7,0,2
BRDA:51,7,1,1
BRDA:54,8,0,2
BRDA:54,8,1,0
BRDA:79,9,0,3
BRDA:79,9,1,2
BRDA:108,10,0,2
BRDA:108,10,1,1
BRDA:112,11,0,2
BRDA:112,11,1,0
BRDA:138,12,0,3
BRDA:138,12,1,0
BRDA:161,13,0,3
BRDA:161,13,1,1
BRF:29
BRH:21
end_of_record
TN:
SF:src\api\controllers\ml.controller.js
FN:13,(anonymous_0)
FN:48,(anonymous_1)
FNF:2
FNH:1
FNDA:0,(anonymous_0)
FNDA:1,(anonymous_1)
DA:1,8
DA:2,8
DA:4,8
DA:12,8
DA:14,0
DA:15,0
DA:16,0
DA:17,0
DA:18,0
DA:23,0
DA:24,0
DA:34,0
DA:44,0
DA:49,1
DA:50,1
DA:51,1
DA:52,1
DA:53,1
DA:58,0
DA:59,0
DA:69,0
DA:79,1
LF:22
LH:10
BRDA:15,0,0,0
BRDA:15,0,1,0
BRDA:17,1,0,0
BRDA:17,1,1,0
BRDA:31,2,0,0
BRDA:31,2,1,0
BRDA:50,3,0,1
BRDA:50,3,1,0
BRDA:52,4,0,1
BRDA:52,4,1,0
BRDA:66,5,0,0
BRDA:66,5,1,0
BRF:12
BRH:2
end_of_record
TN:
SF:src\api\controllers\recommendation.controller.js
FN:8,(anonymous_0)
FN:18,(anonymous_1)
FN:45,(anonymous_2)
FN:72,(anonymous_3)
FN:89,(anonymous_4)
FN:103,(anonymous_5)
FN:119,(anonymous_6)
FN:170,(anonymous_7)
FN:203,(anonymous_8)
FNF:9
FNH:0
FNDA:0,(anonymous_0)
FNDA:0,(anonymous_1)
FNDA:0,(anonymous_2)
FNDA:0,(anonymous_3)
FNDA:0,(anonymous_4)
FNDA:0,(anonymous_5)
FNDA:0,(anonymous_6)
FNDA:0,(anonymous_7)
FNDA:0,(anonymous_8)
DA:1,0
DA:9,0
DA:10,0
DA:11,0
DA:19,0
DA:20,0
DA:21,0
DA:23,0
DA:28,0
DA:37,0
DA:46,0
DA:47,0
DA:48,0
DA:49,0
DA:52,0
DA:53,0
DA:54,0
DA:56,0
DA:57,0
DA:60,0
DA:66,0
DA:68,0
DA:72,0
DA:81,0
DA:90,0
DA:91,0
DA:92,0
DA:94,0
DA:100,0
DA:103,0
DA:111,0
DA:120,0
DA:121,0
DA:122,0
DA:123,0
DA:125,0
DA:126,0
DA:129,0
DA:130,0
DA:131,0
DA:139,0
DA:140,0
DA:141,0
DA:144,0
DA:145,0
DA:148,0
DA:154,0
DA:162,0
DA:171,0
DA:172,0
DA:173,0
DA:176,0
DA:177,0
DA:178,0
DA:181,0
DA:182,0
DA:185,0
DA:187,0
DA:195,0
DA:204,0
DA:226,0
LF:61
LH:0
BRDA:53,0,0,0
BRDA:53,0,1,0
BRDA:56,1,0,0
BRDA:56,1,1,0
BRDA:125,2,0,0
BRDA:125,2,1,0
BRDA:130,3,0,0
BRDA:130,3,1,0
BRDA:140,4,0,0
BRDA:140,4,1,0
BRDA:144,5,0,0
BRDA:144,5,1,0
BRDA:177,6,0,0
BRDA:177,6,1,0
BRDA:181,7,0,0
BRDA:181,7,1,0
BRDA:213,8,0,0
BRDA:213,8,1,0
BRDA:214,9,0,0
BRDA:214,9,1,0
BRF:20
BRH:0
end_of_record
TN:
SF:src\api\controllers\satellite.controller.js
FN:6,correlationId
FN:17,(anonymous_1)
FN:67,(anonymous_2)
FN:103,(anonymous_3)
FNF:4
FNH:2
FNDA:1,correlationId
FNDA:2,(anonymous_1)
FNDA:0,(anonymous_2)
FNDA:0,(anonymous_3)
DA:1,11
DA:2,11
DA:4,11
DA:7,1
DA:10,11
DA:18,2
DA:19,2
DA:20,2
DA:21,2
DA:22,2
DA:24,2
DA:35,1
DA:41,1
DA:42,1
DA:52,1
DA:53,1
DA:56,0
DA:58,1
DA:68,0
DA:69,0
DA:70,0
DA:71,0
DA:73,0
DA:78,0
DA:79,0
DA:89,0
DA:95,0
DA:104,0
DA:105,0
DA:106,0
DA:107,0
DA:108,0
DA:114,0
DA:120,0
LF:34
LH:17
BRDA:7,0,0,1
BRDA:7,0,1,1
BRDA:7,0,2,1
BRDA:21,1,0,0
BRDA:21,2,0,0
BRDA:22,3,0,2
BRDA:22,3,1,1
BRDA:48,4,0,1
BRDA:48,4,1,0
BRDA:52,5,0,1
BRDA:52,5,1,0
BRDA:70,6,0,0
BRDA:70,6,1,0
BRDA:70,6,2,0
BRDA:71,7,0,0
BRDA:71,8,0,0
BRDA:107,9,0,0
BRDA:107,9,1,0
BRF:18
BRH:7
end_of_record
TN:
SF:src\api\controllers\weather.controller.js
FN:12,(anonymous_0)
FN:26,(anonymous_1)
FN:50,(anonymous_2)
FNF:3
FNH:0
FNDA:0,(anonymous_0)
FNDA:0,(anonymous_1)
FNDA:0,(anonymous_2)
DA:1,0
DA:2,0
DA:4,0
DA:11,0
DA:13,0
DA:14,0
DA:15,0
DA:16,0
DA:17,0
DA:19,0
DA:20,0
DA:22,0
DA:27,0
DA:28,0
DA:29,0
DA:32,0
DA:34,0
DA:35,0
DA:37,0
DA:39,0
DA:44,0
DA:46,0
DA:51,0
DA:52,0
DA:53,0
DA:54,0
DA:56,0
LF:27
LH:0
BRDA:16,0,0,0
BRDA:16,0,1,0
BRDA:32,1,0,0
BRDA:32,1,1,0
BRDA:35,2,0,0
BRDA:35,2,1,0
BRDA:35,3,0,0
BRDA:35,3,1,0
BRF:8
BRH:0
end_of_record
TN:
SF:src\api\routes\field.routes.js
FN:18,(anonymous_0)
FNF:1
FNH:0
FNDA:0,(anonymous_0)
DA:1,0
DA:2,0
DA:3,0
DA:4,0
DA:5,0
DA:6,0
DA:8,0
DA:11,0
DA:18,0
DA:19,0
DA:20,0
DA:21,0
DA:24,0
DA:29,0
DA:34,0
DA:39,0
DA:54,0
DA:55,0
DA:58,0
DA:61,0
DA:64,0
DA:67,0
DA:70,0
DA:72,0
LF:24
LH:0
BRDA:20,0,0,0
BRDA:20,0,1,0
BRF:2
BRH:0
end_of_record
TN:
SF:src\api\routes\ml.routes.js
FN:19,(anonymous_0)
FNF:1
FNH:1
FNDA:3,(anonymous_0)
DA:1,1
DA:2,1
DA:3,1
DA:4,1
DA:5,1
DA:7,1
DA:10,1
DA:11,1
DA:14,1
DA:19,1
DA:20,3
DA:21,2
DA:22,2
DA:23,2
DA:24,2
DA:26,1
DA:30,1
DA:33,1
DA:35,1
LF:19
LH:19
BRDA:20,0,0,2
BRDA:20,0,1,1
BRDA:20,1,0,3
BRDA:20,1,1,3
BRDA:20,1,2,2
BRF:5
BRH:5
end_of_record
TN:
SF:src\api\routes\recommendation.routes.js
FN:55,(anonymous_0)
FN:63,(anonymous_1)
FN:72,(anonymous_2)
FN:85,(anonymous_3)
FN:93,(anonymous_4)
FNF:5
FNH:0
FNDA:0,(anonymous_0)
FNDA:0,(anonymous_1)
FNDA:0,(anonymous_2)
FNDA:0,(anonymous_3)
FNDA:0,(anonymous_4)
DA:1,0
DA:2,0
DA:3,0
DA:4,0
DA:5,0
DA:6,0
DA:7,0
DA:8,0
DA:9,0
DA:10,0
DA:11,0
DA:12,0
DA:13,0
DA:15,0
DA:18,0
DA:19,0
DA:20,0
DA:21,0
DA:23,0
DA:29,0
DA:31,0
DA:38,0
DA:51,0
DA:55,0
DA:63,0
DA:64,0
DA:72,0
DA:73,0
DA:81,0
DA:85,0
DA:93,0
DA:94,0
DA:97,0
LF:33
LH:0
BRF:0
BRH:0
end_of_record
TN:
SF:src\api\routes\satellite.routes.js
FN:21,enforceMaxBodySize
FN:22,(anonymous_1)
FNF:2
FNH:2
FNDA:4,enforceMaxBodySize
FNDA:4,(anonymous_1)
DA:1,4
DA:2,4
DA:3,4
DA:4,4
DA:5,4
DA:7,4
DA:10,4
DA:13,4
DA:22,4
DA:23,4
DA:24,4
DA:27,4
DA:28,1
DA:38,3
DA:39,2
DA:40,1
DA:41,1
DA:51,1
DA:53,1
DA:59,4
DA:67,4
DA:72,4
DA:78,4
LF:23
LH:23
BRDA:24,0,0,2
BRDA:24,0,1,2
BRDA:27,1,0,1
BRDA:27,1,1,3
BRDA:27,2,0,4
BRDA:27,2,1,2
BRDA:38,3,0,2
BRDA:38,3,1,1
BRDA:38,4,0,3
BRDA:38,4,1,2
BRDA:38,4,2,2
BRDA:40,5,0,1
BRDA:40,5,1,0
BRF:13
BRH:12
end_of_record
TN:
SF:src\api\routes\weather.routes.js
FNF:0
FNH:0
DA:1,0
DA:2,0
DA:3,0
DA:4,0
DA:5,0
DA:7,0
DA:9,0
DA:15,0
DA:24,0
DA:27,0
DA:30,0
DA:33,0
DA:35,0
LF:13
LH:0
BRF:0
BRH:0
end_of_record
TN:
SF:src\errors\custom-errors.js
FN:2,(anonymous_0)
FN:13,(anonymous_1)
FN:19,(anonymous_2)
FN:25,(anonymous_3)
FN:31,(anonymous_4)
FN:37,(anonymous_5)
FN:43,(anonymous_6)
FNF:7
FNH:7
FNDA:125,(anonymous_0)
FNDA:54,(anonymous_1)
FNDA:14,(anonymous_2)
FNDA:9,(anonymous_3)
FNDA:2,(anonymous_4)
FNDA:6,(anonymous_5)
FNDA:2,(anonymous_6)
DA:3,125
DA:4,125
DA:5,125
DA:6,125
DA:7,125
DA:8,125
DA:14,54
DA:20,14
DA:26,9
DA:32,2
DA:38,6
DA:44,2
DA:48,48
LF:13
LH:13
BRDA:2,0,0,1
BRDA:2,1,0,1
BRDA:13,2,0,1
BRDA:13,3,0,29
BRDA:19,4,0,1
BRDA:19,5,0,11
BRDA:25,6,0,1
BRDA:25,7,0,8
BRDA:31,8,0,1
BRDA:31,9,0,1
BRDA:37,10,0,1
BRDA:37,11,0,1
BRDA:43,12,0,1
BRDA:43,13,0,1
BRDA:43,14,0,1
BRF:15
BRH:15
end_of_record
TN:
SF:src\services\field.service.js
FN:18,getRedis
FN:27,redisGetJSON
FN:39,redisSetJSON
FN:51,redisDelPattern
FN:70,isFiniteNumber
FN:74,validatePolygonCoordinates
FN:117,normalizeToMultiPolygon
FN:146,approxAreaHectares
FN:155,(anonymous_8)
FN:160,(anonymous_9)
FN:179,parseBbox
FN:182,(anonymous_11)
FN:195,parseNear
FN:199,(anonymous_13)
FN:218,parseIntersects
FN:235,stableHash
FN:240,listCacheKey
FN:255,byIdCacheKey
FN:259,invalidateFieldCaches
FN:273,queryFieldsList
FN:360,(anonymous_20)
FN:376,(anonymous_21)
FN:444,(anonymous_22)
FN:461,(anonymous_23)
FN:505,(anonymous_24)
FN:543,(anonymous_25)
FN:562,getFieldService
FNF:27
FNH:26
FNDA:26,getRedis
FNDA:12,redisGetJSON
FNDA:6,redisSetJSON
FNDA:4,redisDelPattern
FNDA:28,isFiniteNumber
FNDA:2,validatePolygonCoordinates
FNDA:3,normalizeToMultiPolygon
FNDA:1,approxAreaHectares
FNDA:5,(anonymous_8)
FNDA:5,(anonymous_9)
FNDA:7,parseBbox
FNDA:4,(anonymous_11)
FNDA:6,parseNear
FNDA:6,(anonymous_13)
FNDA:5,parseIntersects
FNDA:8,stableHash
FNDA:8,listCacheKey
FNDA:8,byIdCacheKey
FNDA:4,invalidateFieldCaches
FNDA:7,queryFieldsList
FNDA:4,(anonymous_20)
FNDA:3,(anonymous_21)
FNDA:8,(anonymous_22)
FNDA:4,(anonymous_23)
FNDA:6,(anonymous_24)
FNDA:2,(anonymous_25)
FNDA:0,getFieldService
DA:1,3
DA:2,3
DA:3,3
DA:4,3
DA:5,3
DA:10,3
DA:11,3
DA:13,3
DA:19,26
DA:20,26
DA:21,26
DA:22,0
DA:24,26
DA:28,12
DA:29,12
DA:30,12
DA:31,12
DA:32,2
DA:33,2
DA:35,0
DA:40,6
DA:41,6
DA:42,6
DA:43,6
DA:44,6
DA:47,0
DA:52,4
DA:53,4
DA:55,4
DA:56,4
DA:57,4
DA:58,4
DA:59,4
DA:60,0
DA:71,28
DA:75,2
DA:76,0
DA:80,2
DA:81,2
DA:82,0
DA:86,2
DA:87,2
DA:88,2
DA:96,0
DA:100,2
DA:101,10
DA:102,10
DA:110,0
DA:118,3
DA:119,0
DA:123,3
DA:124,2
DA:125,2
DA:130,1
DA:131,0
DA:132,0
DA:137,0
DA:138,0
DA:140,1
DA:147,1
DA:148,1
DA:150,1
DA:151,1
DA:152,1
DA:155,5
DA:156,1
DA:157,1
DA:158,1
DA:160,5
DA:162,1
DA:163,1
DA:164,4
DA:165,4
DA:166,4
DA:168,1
DA:169,1
DA:173,1
DA:180,7
DA:181,2
DA:182,4
DA:183,1
DA:185,1
DA:186,1
DA:187,0
DA:189,1
DA:190,0
DA:192,1
DA:196,6
DA:197,2
DA:199,6
DA:200,2
DA:201,0
DA:203,2
DA:204,2
DA:205,2
DA:206,2
DA:207,0
DA:209,2
DA:210,0
DA:212,2
DA:213,1
DA:215,1
DA:219,5
DA:220,3
DA:221,3
DA:222,1
DA:223,1
DA:226,2
DA:227,2
DA:228,1
DA:229,1
DA:231,1
DA:236,8
DA:237,8
DA:241,8
DA:251,8
DA:252,8
DA:256,8
DA:261,4
DA:262,4
DA:263,4
DA:264,4
DA:265,4
DA:274,7
DA:275,6
DA:276,5
DA:278,4
DA:282,4
DA:283,4
DA:284,4
DA:286,4
DA:287,1
DA:288,1
DA:289,1
DA:290,1
DA:291,1
DA:297,4
DA:298,1
DA:299,1
DA:300,1
DA:301,1
DA:306,4
DA:307,2
DA:308,1
DA:310,1
DA:313,1
DA:314,1
DA:315,1
DA:319,4
DA:320,4
DA:323,4
DA:324,4
DA:326,4
DA:327,4
DA:328,4
DA:330,4
DA:331,4
DA:350,4
DA:351,4
DA:353,4
DA:358,4
DA:360,4
DA:362,4
DA:377,3
DA:378,3
DA:379,0
DA:382,3
DA:383,3
DA:384,1
DA:394,2
DA:395,2
DA:397,1
DA:398,0
DA:402,1
DA:404,1
DA:409,1
DA:414,1
DA:424,1
DA:426,1
DA:427,1
DA:430,0
DA:434,0
DA:436,0
DA:445,8
DA:447,8
DA:448,8
DA:449,8
DA:450,1
DA:453,7
DA:454,4
DA:455,4
DA:462,4
DA:464,4
DA:465,4
DA:466,4
DA:467,1
DA:471,3
DA:493,3
DA:494,3
DA:495,1
DA:498,2
DA:499,2
DA:506,6
DA:509,6
DA:510,0
DA:513,6
DA:514,3
DA:517,3
DA:518,2
DA:525,1
DA:528,4
DA:529,3
DA:530,2
DA:532,1
DA:535,2
DA:536,2
DA:537,2
DA:544,2
DA:547,2
DA:548,1
DA:550,1
DA:551,1
DA:552,1
DA:553,1
DA:563,0
DA:564,0
DA:566,0
DA:569,3
LF:228
LH:201
BRDA:10,0,0,3
BRDA:10,0,1,2
BRDA:11,1,0,3
BRDA:11,1,1,2
BRDA:20,2,0,0
BRDA:20,2,1,26
BRDA:21,3,0,0
BRDA:21,3,1,26
BRDA:29,4,0,0
BRDA:29,4,1,12
BRDA:31,5,0,10
BRDA:31,5,1,2
BRDA:41,6,0,0
BRDA:41,6,1,6
BRDA:43,7,0,6
BRDA:43,7,1,0
BRDA:53,8,0,0
BRDA:53,8,1,4
BRDA:59,9,0,0
BRDA:59,9,1,4
BRDA:59,10,0,4
BRDA:59,10,1,4
BRDA:71,11,0,28
BRDA:71,11,1,28
BRDA:75,12,0,0
BRDA:75,12,1,2
BRDA:75,13,0,2
BRDA:75,13,1,2
BRDA:81,14,0,0
BRDA:81,14,1,2
BRDA:81,15,0,2
BRDA:81,15,1,2
BRDA:88,16,0,0
BRDA:88,16,1,2
BRDA:89,17,0,2
BRDA:89,17,1,2
BRDA:89,17,2,2
BRDA:89,17,3,2
BRDA:89,17,4,2
BRDA:89,17,5,2
BRDA:102,18,0,0
BRDA:102,18,1,10
BRDA:103,19,0,10
BRDA:103,19,1,10
BRDA:103,19,2,10
BRDA:103,19,3,10
BRDA:103,19,4,10
BRDA:103,19,5,10
BRDA:118,20,0,0
BRDA:118,20,1,3
BRDA:118,21,0,3
BRDA:118,21,1,3
BRDA:118,21,2,3
BRDA:123,22,0,2
BRDA:123,22,1,1
BRDA:130,23,0,0
BRDA:130,23,1,1
BRDA:131,24,0,0
BRDA:131,24,1,0
BRDA:131,25,0,0
BRDA:131,25,1,0
BRDA:147,26,0,1
BRDA:147,26,1,0
BRDA:152,27,0,0
BRDA:152,27,1,1
BRDA:152,28,0,1
BRDA:152,28,1,1
BRDA:180,29,0,5
BRDA:180,29,1,2
BRDA:182,30,0,1
BRDA:182,30,1,1
BRDA:182,31,0,2
BRDA:182,31,1,1
BRDA:186,32,0,0
BRDA:186,32,1,1
BRDA:186,33,0,1
BRDA:186,33,1,1
BRDA:189,34,0,0
BRDA:189,34,1,1
BRDA:189,35,0,1
BRDA:189,35,1,1
BRDA:189,35,2,1
BRDA:189,35,3,1
BRDA:196,36,0,4
BRDA:196,36,1,2
BRDA:200,37,0,0
BRDA:200,37,1,2
BRDA:206,38,0,0
BRDA:206,38,1,2
BRDA:206,39,0,2
BRDA:206,39,1,2
BRDA:206,39,2,2
BRDA:209,40,0,0
BRDA:209,40,1,2
BRDA:209,41,0,2
BRDA:209,41,1,2
BRDA:209,41,2,2
BRDA:212,42,0,1
BRDA:212,42,1,1
BRDA:212,43,0,2
BRDA:212,43,1,2
BRDA:212,43,2,1
BRDA:219,44,0,2
BRDA:219,44,1,3
BRDA:221,45,0,1
BRDA:221,45,1,2
BRDA:243,46,0,8
BRDA:243,46,1,5
BRDA:244,47,0,8
BRDA:244,47,1,6
BRDA:245,48,0,8
BRDA:245,48,1,5
BRDA:246,49,0,8
BRDA:246,49,1,6
BRDA:247,50,0,8
BRDA:247,50,1,6
BRDA:248,51,0,8
BRDA:248,51,1,8
BRDA:249,52,0,8
BRDA:249,52,1,8
BRDA:262,53,0,4
BRDA:262,53,1,0
BRDA:264,54,0,4
BRDA:264,54,1,0
BRDA:274,55,0,7
BRDA:274,55,1,5
BRDA:275,56,0,6
BRDA:275,56,1,4
BRDA:276,57,0,5
BRDA:276,57,1,2
BRDA:286,58,0,1
BRDA:286,58,1,3
BRDA:297,59,0,1
BRDA:297,59,1,3
BRDA:306,60,0,2
BRDA:306,60,1,2
BRDA:307,61,0,1
BRDA:307,61,1,1
BRDA:313,62,0,1
BRDA:313,62,1,0
BRDA:319,63,0,4
BRDA:319,63,1,0
BRDA:323,64,0,0
BRDA:323,64,1,4
BRDA:324,65,0,0
BRDA:324,65,1,4
BRDA:324,66,0,4
BRDA:324,66,1,4
BRDA:326,67,0,4
BRDA:326,67,1,3
BRDA:327,68,0,4
BRDA:327,68,1,3
BRDA:358,69,0,4
BRDA:358,69,1,0
BRDA:377,70,0,0
BRDA:377,70,1,3
BRDA:378,71,0,0
BRDA:378,71,1,3
BRDA:378,72,0,3
BRDA:378,72,1,3
BRDA:378,72,2,3
BRDA:383,73,0,1
BRDA:383,73,1,2
BRDA:397,74,0,1
BRDA:397,74,1,0
BRDA:430,75,0,0
BRDA:430,75,1,0
BRDA:431,76,0,0
BRDA:431,76,1,0
BRDA:431,77,0,0
BRDA:431,77,1,0
BRDA:432,78,0,0
BRDA:432,78,1,0
BRDA:444,79,0,0
BRDA:445,80,0,0
BRDA:445,80,1,8
BRDA:449,81,0,1
BRDA:449,81,1,7
BRDA:462,82,0,0
BRDA:462,82,1,4
BRDA:462,83,0,4
BRDA:462,83,1,4
BRDA:466,84,0,1
BRDA:466,84,1,3
BRDA:466,85,0,4
BRDA:466,85,1,1
BRDA:466,85,2,1
BRDA:494,86,0,1
BRDA:494,86,1,2
BRDA:494,87,0,3
BRDA:494,87,1,2
BRDA:509,88,0,0
BRDA:509,88,1,6
BRDA:509,89,0,6
BRDA:509,89,1,6
BRDA:513,90,0,3
BRDA:513,90,1,3
BRDA:513,91,0,6
BRDA:513,91,1,3
BRDA:513,91,2,3
BRDA:517,92,0,2
BRDA:517,92,1,1
BRDA:528,93,0,3
BRDA:528,93,1,1
BRDA:529,94,0,2
BRDA:529,94,1,1
BRDA:547,95,0,1
BRDA:547,95,1,1
BRDA:547,96,0,2
BRDA:547,96,1,1
BRDA:563,97,0,0
BRDA:563,97,1,0
BRF:212
BRH:164
end_of_record
TN:
SF:src\services\health.service.js
FN:26,getRedis
FN:31,cacheGetJSON
FN:41,cacheSetJSON
FN:57,(anonymous_3)
FN:69,(anonymous_4)
FN:85,(anonymous_5)
FN:109,(anonymous_6)
FN:125,(anonymous_7)
FN:140,(anonymous_8)
FN:162,(anonymous_9)
FN:198,(anonymous_10)
FN:250,(anonymous_11)
FN:295,(anonymous_12)
FN:348,(anonymous_13)
FN:397,(anonymous_14)
FN:476,(anonymous_15)
FN:500,(anonymous_16)
FN:537,(anonymous_17)
FN:551,(anonymous_18)
FN:568,(anonymous_19)
FN:597,(anonymous_20)
FN:613,getHealthService
FNF:22
FNH:20
FNDA:5,getRedis
FNDA:4,cacheGetJSON
FNDA:1,cacheSetJSON
FNDA:32,(anonymous_3)
FNDA:18,(anonymous_4)
FNDA:5,(anonymous_5)
FNDA:6,(anonymous_6)
FNDA:1,(anonymous_7)
FNDA:6,(anonymous_8)
FNDA:4,(anonymous_9)
FNDA:6,(anonymous_10)
FNDA:7,(anonymous_11)
FNDA:0,(anonymous_12)
FNDA:0,(anonymous_13)
FNDA:4,(anonymous_14)
FNDA:2,(anonymous_15)
FNDA:3,(anonymous_16)
FNDA:2,(anonymous_17)
FNDA:2,(anonymous_18)
FNDA:2,(anonymous_19)
FNDA:1,(anonymous_20)
FNDA:2,getHealthService
DA:1,1
DA:2,1
DA:3,1
DA:4,1
DA:5,1
DA:6,1
DA:7,1
DA:8,1
DA:13,1
DA:14,1
DA:15,1
DA:19,1
DA:20,1
DA:21,1
DA:27,5
DA:28,5
DA:29,5
DA:32,4
DA:33,4
DA:34,4
DA:35,1
DA:36,1
DA:38,0
DA:42,1
DA:43,1
DA:44,1
DA:45,1
DA:47,0
DA:58,32
DA:70,18
DA:71,17
DA:73,16
DA:76,16
DA:77,3
DA:79,13
DA:86,5
DA:87,5
DA:100,5
DA:101,5
DA:102,1
DA:104,4
DA:110,6
DA:111,0
DA:113,6
DA:114,6
DA:115,1
DA:117,5
DA:118,5
DA:119,5
DA:120,5
DA:122,5
DA:125,1
DA:127,5
DA:128,1
DA:129,1
DA:130,1
DA:132,4
DA:133,4
DA:134,4
DA:135,4
DA:141,6
DA:163,4
DA:164,4
DA:165,4
DA:199,6
DA:200,6
DA:201,4
DA:202,4
DA:203,3
DA:204,2
DA:210,1
DA:211,1
DA:212,1
DA:213,1
DA:214,1
DA:215,1
DA:216,2
DA:217,3
DA:218,3
DA:219,3
DA:220,3
DA:221,3
DA:225,1
DA:226,1
DA:230,1
DA:234,2
DA:235,2
DA:236,2
DA:251,7
DA:252,3
DA:256,4
DA:257,4
DA:258,4
DA:264,1
DA:267,3
DA:270,3
DA:272,3
DA:274,3
DA:278,3
DA:281,3
DA:282,0
DA:283,0
DA:295,0
DA:299,0
DA:300,0
DA:301,0
DA:302,0
DA:303,0
DA:304,0
DA:306,0
DA:307,0
DA:310,0
DA:311,0
DA:312,0
DA:315,0
DA:316,0
DA:325,0
DA:326,0
DA:329,0
DA:335,3
DA:336,3
DA:337,3
DA:338,3
DA:340,3
DA:348,0
DA:351,3
DA:352,2
DA:353,2
DA:354,2
DA:357,1
DA:358,1
DA:359,1
DA:360,1
DA:361,1
DA:364,1
DA:374,1
DA:376,1
DA:384,1
DA:398,4
DA:399,3
DA:401,2
DA:402,2
DA:403,2
DA:404,2
DA:405,2
DA:407,2
DA:408,1
DA:436,1
DA:458,2
DA:470,2
DA:477,2
DA:478,2
DA:490,2
DA:501,3
DA:503,2
DA:504,2
DA:505,2
DA:506,2
DA:507,2
DA:509,2
DA:510,2
DA:511,2
DA:515,2
DA:517,2
DA:536,2
DA:537,2
DA:538,2
DA:552,2
DA:554,2
DA:559,2
DA:560,1
DA:562,1
DA:569,2
DA:571,2
DA:572,2
DA:574,2
DA:575,1
DA:576,1
DA:577,1
DA:579,1
DA:581,1
DA:582,1
DA:583,1
DA:586,2
DA:591,2
DA:598,1
DA:600,1
DA:614,2
DA:615,1
DA:617,2
DA:620,1
LF:191
LH:168
BRDA:13,0,0,1
BRDA:13,0,1,0
BRDA:14,1,0,1
BRDA:14,1,1,0
BRDA:16,2,0,1
BRDA:16,2,1,0
BRDA:19,3,0,1
BRDA:19,3,1,0
BRDA:20,4,0,1
BRDA:20,4,1,0
BRDA:21,5,0,1
BRDA:21,5,1,0
BRDA:28,6,0,0
BRDA:28,6,1,5
BRDA:34,7,0,3
BRDA:34,7,1,1
BRDA:44,8,0,1
BRDA:44,8,1,0
BRDA:70,9,0,1
BRDA:70,9,1,17
BRDA:71,10,0,1
BRDA:71,10,1,16
BRDA:76,11,0,3
BRDA:76,11,1,13
BRDA:76,12,0,16
BRDA:76,12,1,14
BRDA:101,13,0,1
BRDA:101,13,1,4
BRDA:101,14,0,5
BRDA:101,14,1,5
BRDA:110,15,0,0
BRDA:110,15,1,6
BRDA:110,16,0,6
BRDA:110,16,1,6
BRDA:114,17,0,1
BRDA:114,17,1,5
BRDA:114,18,0,6
BRDA:114,18,1,1
BRDA:125,19,0,1
BRDA:125,19,1,1
BRDA:127,20,0,1
BRDA:127,20,1,4
BRDA:127,21,0,5
BRDA:127,21,1,5
BRDA:132,22,0,4
BRDA:132,22,1,0
BRDA:133,23,0,4
BRDA:133,23,1,0
BRDA:162,24,0,0
BRDA:199,25,0,6
BRDA:199,25,1,6
BRDA:199,25,2,1
BRDA:199,25,3,1
BRDA:200,26,0,4
BRDA:200,26,1,2
BRDA:200,27,0,6
BRDA:200,27,1,2
BRDA:203,28,0,2
BRDA:203,28,1,1
BRDA:203,29,0,3
BRDA:203,29,1,3
BRDA:203,29,2,2
BRDA:203,29,3,2
BRDA:203,29,4,2
BRDA:210,30,0,1
BRDA:210,30,1,0
BRDA:210,31,0,1
BRDA:210,31,1,1
BRDA:217,32,0,3
BRDA:217,32,1,0
BRDA:217,33,0,3
BRDA:217,33,1,3
BRDA:225,34,0,1
BRDA:225,34,1,0
BRDA:251,35,0,3
BRDA:251,35,1,4
BRDA:251,36,0,7
BRDA:251,36,1,1
BRDA:258,37,0,1
BRDA:258,37,1,3
BRDA:259,38,0,4
BRDA:259,38,1,1
BRDA:259,38,2,1
BRDA:259,38,3,1
BRDA:270,39,0,3
BRDA:270,39,1,3
BRDA:270,39,2,3
BRDA:272,40,0,3
BRDA:272,40,1,3
BRDA:281,41,0,0
BRDA:281,41,1,3
BRDA:292,42,0,0
BRDA:292,42,1,0
BRDA:295,43,0,0
BRDA:295,43,1,0
BRDA:299,44,0,0
BRDA:299,44,1,0
BRDA:299,45,0,0
BRDA:299,45,1,0
BRDA:300,46,0,0
BRDA:300,46,1,0
BRDA:306,47,0,0
BRDA:306,47,1,0
BRDA:306,48,0,0
BRDA:306,48,1,0
BRDA:306,48,2,0
BRDA:311,49,0,0
BRDA:311,49,1,0
BRDA:325,50,0,0
BRDA:325,50,1,0
BRDA:325,51,0,0
BRDA:325,51,1,0
BRDA:335,52,0,3
BRDA:335,52,1,0
BRDA:348,53,0,0
BRDA:348,53,1,0
BRDA:351,54,0,2
BRDA:351,54,1,1
BRDA:351,55,0,3
BRDA:351,55,1,3
BRDA:353,56,0,1
BRDA:353,56,1,1
BRDA:397,57,0,2
BRDA:398,58,0,1
BRDA:398,58,1,3
BRDA:399,59,0,1
BRDA:399,59,1,2
BRDA:401,60,0,2
BRDA:401,60,1,0
BRDA:402,61,0,2
BRDA:402,61,1,0
BRDA:403,62,0,2
BRDA:403,62,1,0
BRDA:404,63,0,2
BRDA:404,63,1,0
BRDA:405,64,0,2
BRDA:405,64,1,2
BRDA:407,65,0,1
BRDA:407,65,1,1
BRDA:470,66,0,2
BRDA:470,66,1,0
BRDA:490,67,0,2
BRDA:490,67,1,1
BRDA:500,68,0,1
BRDA:500,69,0,1
BRDA:500,70,0,1
BRDA:505,71,0,2
BRDA:505,71,1,0
BRDA:509,72,0,2
BRDA:509,72,1,0
BRDA:536,73,0,2
BRDA:536,73,1,0
BRDA:559,74,0,1
BRDA:559,74,1,1
BRDA:568,75,0,1
BRDA:572,76,0,2
BRDA:572,76,1,0
BRDA:574,77,0,1
BRDA:574,77,1,1
BRDA:574,78,0,2
BRDA:574,78,1,1
BRDA:576,79,0,1
BRDA:576,79,1,0
BRDA:577,80,0,1
BRDA:577,80,1,0
BRDA:579,81,0,0
BRDA:579,81,1,1
BRDA:614,82,0,1
BRDA:614,82,1,1
BRF:169
BRH:117
end_of_record
TN:
SF:src\services\mlGateway.service.js
FN:8,(anonymous_0)
FN:33,(anonymous_1)
FN:41,(anonymous_2)
FN:42,(anonymous_3)
FN:59,(anonymous_4)
FN:63,(anonymous_5)
FN:89,(anonymous_6)
FN:92,(anonymous_7)
FN:103,(anonymous_8)
FN:114,(anonymous_9)
FN:119,(anonymous_10)
FN:123,(anonymous_11)
FN:127,(anonymous_12)
FN:134,(anonymous_13)
FN:140,(anonymous_14)
FN:150,(anonymous_15)
FN:159,(anonymous_16)
FN:176,(anonymous_17)
FN:214,(anonymous_18)
FN:231,(anonymous_19)
FN:269,(anonymous_20)
FN:319,(anonymous_21)
FN:375,(anonymous_22)
FN:385,(anonymous_23)
FN:425,(anonymous_24)
FN:440,(anonymous_25)
FN:467,(anonymous_26)
FN:493,getMLGatewayService
FNF:28
FNH:27
FNDA:44,(anonymous_0)
FNDA:31,(anonymous_1)
FNDA:21,(anonymous_2)
FNDA:189,(anonymous_3)
FNDA:20,(anonymous_4)
FNDA:18,(anonymous_5)
FNDA:3,(anonymous_6)
FNDA:4,(anonymous_7)
FNDA:2,(anonymous_8)
FNDA:19,(anonymous_9)
FNDA:14,(anonymous_10)
FNDA:3,(anonymous_11)
FNDA:3,(anonymous_12)
FNDA:3,(anonymous_13)
FNDA:14,(anonymous_14)
FNDA:8,(anonymous_15)
FNDA:14,(anonymous_16)
FNDA:4,(anonymous_17)
FNDA:2,(anonymous_18)
FNDA:0,(anonymous_19)
FNDA:23,(anonymous_20)
FNDA:13,(anonymous_21)
FNDA:14,(anonymous_22)
FNDA:39,(anonymous_23)
FNDA:1,(anonymous_24)
FNDA:2,(anonymous_25)
FNDA:2,(anonymous_26)
FNDA:3,getMLGatewayService
DA:1,13
DA:2,13
DA:3,13
DA:4,13
DA:5,13
DA:9,44
DA:11,44
DA:16,44
DA:18,44
DA:19,44
DA:23,44
DA:29,44
DA:30,44
DA:34,31
DA:35,17
DA:37,31
DA:42,21
DA:43,189
DA:44,55
DA:45,17
DA:47,38
DA:48,38
DA:49,38
DA:50,106
DA:52,38
DA:54,134
DA:56,21
DA:60,20
DA:64,18
DA:65,18
DA:66,17
DA:67,17
DA:69,18
DA:70,1
DA:72,18
DA:73,8
DA:75,18
DA:76,11
DA:78,18
DA:79,4
DA:80,4
DA:81,4
DA:83,14
DA:85,18
DA:86,18
DA:90,3
DA:91,3
DA:92,3
DA:93,4
DA:94,4
DA:95,10
DA:96,6
DA:99,4
DA:102,3
DA:103,2
DA:105,3
DA:106,1
DA:108,3
DA:109,1
DA:111,3
DA:115,19
DA:116,19
DA:120,14
DA:124,3
DA:129,3
DA:130,3
DA:131,3
DA:137,3
DA:141,14
DA:142,14
DA:143,3
DA:144,3
DA:146,0
DA:151,8
DA:152,8
DA:153,7
DA:155,1
DA:160,14
DA:161,14
DA:166,14
DA:167,14
DA:168,14
DA:170,14
DA:172,14
DA:173,14
DA:176,4
DA:179,3
DA:180,3
DA:185,3
DA:190,11
DA:191,11
DA:199,11
DA:200,9
DA:210,2
DA:211,2
DA:215,2
DA:216,2
DA:221,2
DA:222,2
DA:223,2
DA:225,2
DA:227,2
DA:228,2
DA:231,0
DA:234,0
DA:235,0
DA:240,0
DA:245,2
DA:246,2
DA:254,2
DA:255,2
DA:265,0
DA:266,0
DA:270,23
DA:271,23
DA:272,23
DA:273,23
DA:275,23
DA:277,2
DA:279,2
DA:286,1
DA:288,1
DA:295,1
DA:302,2
DA:304,2
DA:306,12
DA:307,9
DA:308,8
DA:309,4
DA:310,2
DA:311,2
DA:320,13
DA:322,13
DA:323,13
DA:324,13
DA:326,13
DA:328,13
DA:329,11
DA:330,11
DA:331,1
DA:341,12
DA:342,8
DA:345,8
DA:346,8
DA:356,8
DA:357,6
DA:360,8
DA:376,14
DA:379,14
DA:380,3
DA:384,11
DA:385,39
DA:386,2
DA:388,9
DA:389,9
DA:390,2
DA:394,7
DA:395,2
DA:398,5
DA:399,5
DA:402,5
DA:410,5
DA:411,4
DA:413,4
DA:428,1
DA:441,2
DA:443,2
DA:444,2
DA:445,2
DA:448,2
DA:449,2
DA:450,1
DA:459,1
DA:460,1
DA:463,1
DA:464,1
DA:467,2
DA:478,1
DA:480,1
DA:494,3
DA:495,2
DA:497,3
DA:500,13
LF:183
LH:176
BRDA:12,0,0,44
BRDA:12,0,1,16
BRDA:12,0,2,16
BRDA:17,1,0,44
BRDA:17,1,1,16
BRDA:17,1,2,16
BRDA:18,2,0,44
BRDA:18,2,1,16
BRDA:19,3,0,44
BRDA:19,3,1,16
BRDA:24,4,0,44
BRDA:24,4,1,39
BRDA:24,4,2,39
BRDA:24,4,3,0
BRDA:29,5,0,44
BRDA:29,5,1,39
BRDA:29,5,2,0
BRDA:30,6,0,44
BRDA:30,6,1,39
BRDA:34,7,0,17
BRDA:34,7,1,14
BRDA:43,8,0,55
BRDA:43,8,1,134
BRDA:43,9,0,189
BRDA:43,9,1,185
BRDA:44,10,0,17
BRDA:44,10,1,38
BRDA:65,11,0,17
BRDA:65,11,1,1
BRDA:69,12,0,1
BRDA:69,12,1,17
BRDA:72,13,0,8
BRDA:72,13,1,10
BRDA:75,14,0,11
BRDA:75,14,1,7
BRDA:78,15,0,4
BRDA:78,15,1,14
BRDA:78,16,0,18
BRDA:78,16,1,4
BRDA:79,17,0,3
BRDA:79,17,1,1
BRDA:80,18,0,2
BRDA:80,18,1,2
BRDA:85,19,0,4
BRDA:85,19,1,14
BRDA:91,20,0,3
BRDA:91,20,1,0
BRDA:95,21,0,6
BRDA:95,21,1,4
BRDA:102,22,0,1
BRDA:102,22,1,2
BRDA:105,23,0,1
BRDA:105,23,1,2
BRDA:108,24,0,1
BRDA:108,24,1,2
BRDA:142,25,0,11
BRDA:142,25,1,3
BRDA:152,26,0,7
BRDA:152,26,1,1
BRDA:166,27,0,14
BRDA:166,27,1,0
BRDA:167,28,0,10
BRDA:167,28,1,4
BRDA:168,29,0,7
BRDA:168,29,1,7
BRDA:176,30,0,4
BRDA:176,30,1,4
BRDA:196,31,0,11
BRDA:196,31,1,5
BRDA:196,31,2,3
BRDA:199,32,0,9
BRDA:199,32,1,2
BRDA:199,33,0,11
BRDA:199,33,1,11
BRDA:203,34,0,9
BRDA:203,34,1,0
BRDA:221,35,0,2
BRDA:221,35,1,0
BRDA:222,36,0,2
BRDA:222,36,1,0
BRDA:223,37,0,0
BRDA:223,37,1,2
BRDA:231,38,0,0
BRDA:231,38,1,0
BRDA:251,39,0,2
BRDA:251,39,1,1
BRDA:251,39,2,1
BRDA:254,40,0,2
BRDA:254,40,1,0
BRDA:254,41,0,2
BRDA:254,41,1,2
BRDA:258,42,0,2
BRDA:258,42,1,0
BRDA:270,43,0,23
BRDA:270,43,1,0
BRDA:271,44,0,23
BRDA:271,44,1,0
BRDA:272,45,0,23
BRDA:272,45,1,12
BRDA:273,46,0,23
BRDA:273,46,1,12
BRDA:275,47,0,2
BRDA:275,47,1,2
BRDA:275,47,2,1
BRDA:275,47,3,1
BRDA:275,47,4,1
BRDA:275,47,5,2
BRDA:275,47,6,2
BRDA:275,47,7,12
BRDA:277,48,0,2
BRDA:277,48,1,0
BRDA:277,49,0,2
BRDA:277,49,1,1
BRDA:281,50,0,2
BRDA:281,50,1,1
BRDA:283,51,0,2
BRDA:283,51,1,1
BRDA:286,52,0,1
BRDA:286,52,1,1
BRDA:286,53,0,1
BRDA:286,53,1,1
BRDA:290,54,0,1
BRDA:290,54,1,0
BRDA:292,55,0,1
BRDA:292,55,1,1
BRDA:297,56,0,1
BRDA:297,56,1,0
BRDA:298,57,0,1
BRDA:298,57,1,0
BRDA:298,58,0,1
BRDA:298,58,1,1
BRDA:299,59,0,1
BRDA:299,59,1,0
BRDA:302,60,0,2
BRDA:302,60,1,0
BRDA:302,61,0,2
BRDA:302,61,1,2
BRDA:304,62,0,2
BRDA:304,62,1,0
BRDA:304,63,0,2
BRDA:304,63,1,2
BRDA:306,64,0,3
BRDA:306,64,1,9
BRDA:307,65,0,1
BRDA:307,65,1,8
BRDA:308,66,0,4
BRDA:308,66,1,4
BRDA:308,67,0,8
BRDA:308,67,1,6
BRDA:309,68,0,2
BRDA:309,68,1,2
BRDA:309,69,0,4
BRDA:309,69,1,4
BRDA:328,70,0,11
BRDA:328,70,1,2
BRDA:330,71,0,1
BRDA:330,71,1,10
BRDA:330,72,0,11
BRDA:330,72,1,1
BRDA:335,73,0,1
BRDA:335,73,1,0
BRDA:342,74,0,8
BRDA:342,74,1,3
BRDA:345,75,0,8
BRDA:345,75,1,0
BRDA:347,76,0,8
BRDA:347,76,1,2
BRDA:347,76,2,0
BRDA:348,77,0,8
BRDA:348,77,1,2
BRDA:353,78,0,8
BRDA:353,78,1,2
BRDA:356,79,0,6
BRDA:356,79,1,2
BRDA:356,80,0,8
BRDA:356,80,1,6
BRDA:365,81,0,8
BRDA:365,81,1,3
BRDA:365,81,2,1
BRDA:365,81,3,2
BRDA:365,81,4,2
BRDA:375,82,0,5
BRDA:379,83,0,3
BRDA:379,83,1,11
BRDA:379,84,0,14
BRDA:379,84,1,13
BRDA:385,85,0,2
BRDA:385,85,1,9
BRDA:389,86,0,2
BRDA:389,86,1,7
BRDA:389,87,0,9
BRDA:389,87,1,7
BRDA:394,88,0,2
BRDA:394,88,1,5
BRDA:394,89,0,7
BRDA:394,89,1,5
BRDA:394,89,2,5
BRDA:394,89,3,5
BRDA:398,90,0,5
BRDA:398,90,1,3
BRDA:398,90,2,0
BRDA:399,91,0,1
BRDA:399,91,1,4
BRDA:407,92,0,1
BRDA:407,92,1,4
BRDA:410,93,0,5
BRDA:410,93,1,4
BRDA:411,94,0,4
BRDA:411,94,1,4
BRDA:411,94,2,0
BRDA:414,95,0,4
BRDA:414,95,1,0
BRDA:414,95,2,0
BRDA:415,96,0,4
BRDA:415,96,1,0
BRDA:416,97,0,4
BRDA:416,97,1,1
BRDA:417,98,0,4
BRDA:417,98,1,3
BRDA:418,99,0,3
BRDA:418,99,1,1
BRDA:418,100,0,3
BRDA:418,100,1,0
BRDA:449,101,0,1
BRDA:449,101,1,1
BRDA:449,102,0,2
BRDA:449,102,1,1
BRDA:454,103,0,1
BRDA:454,103,1,1
BRDA:460,104,0,1
BRDA:460,104,1,0
BRDA:463,105,0,1
BRDA:463,105,1,0
BRDA:465,106,0,1
BRDA:465,106,1,1
BRDA:465,106,2,0
BRDA:466,107,0,1
BRDA:466,107,1,1
BRDA:467,108,0,1
BRDA:467,108,1,0
BRDA:469,109,0,2
BRDA:469,109,1,2
BRDA:470,110,0,2
BRDA:470,110,1,1
BRDA:472,111,0,2
BRDA:472,111,1,2
BRDA:474,112,0,1
BRDA:474,112,1,1
BRDA:485,113,0,1
BRDA:485,113,1,0
BRDA:485,113,2,0
BRDA:485,113,3,0
BRDA:485,113,4,0
BRDA:494,114,0,2
BRDA:494,114,1,1
BRF:255
BRH:217
end_of_record
TN:
SF:src\services\recommendation.service.js
FN:22,getRedis
FN:30,cacheGetJSON
FN:41,cacheSetJSON
FN:52,stableHash
FN:57,toISODate
FN:65,addDays
FN:72,(anonymous_6)
FN:77,(anonymous_7)
FN:81,(anonymous_8)
FN:97,(anonymous_9)
FN:124,(anonymous_10)
FN:127,(anonymous_11)
FN:132,(anonymous_12)
FN:218,(anonymous_13)
FN:271,(anonymous_14)
FN:298,(anonymous_15)
FN:382,(anonymous_16)
FN:450,(anonymous_17)
FN:468,(anonymous_18)
FN:499,getRecommendationService
FNF:20
FNH:20
FNDA:19,getRedis
FNDA:4,cacheGetJSON
FNDA:9,cacheSetJSON
FNDA:2,stableHash
FNDA:6,toISODate
FNDA:16,addDays
FNDA:1,(anonymous_6)
FNDA:9,(anonymous_7)
FNDA:2,(anonymous_8)
FNDA:9,(anonymous_9)
FNDA:8,(anonymous_10)
FNDA:8,(anonymous_11)
FNDA:16,(anonymous_12)
FNDA:5,(anonymous_13)
FNDA:9,(anonymous_14)
FNDA:7,(anonymous_15)
FNDA:5,(anonymous_16)
FNDA:1,(anonymous_17)
FNDA:6,(anonymous_18)
FNDA:10,getRecommendationService
DA:1,1
DA:2,1
DA:3,1
DA:4,1
DA:5,1
DA:6,1
DA:7,1
DA:8,1
DA:11,1
DA:12,1
DA:13,1
DA:14,1
DA:16,1
DA:17,1
DA:23,19
DA:24,19
DA:25,0
DA:27,19
DA:31,4
DA:32,4
DA:33,4
DA:34,2
DA:35,2
DA:37,0
DA:42,9
DA:43,9
DA:44,9
DA:45,9
DA:48,0
DA:53,2
DA:54,2
DA:59,6
DA:60,0
DA:62,6
DA:66,16
DA:67,16
DA:68,16
DA:73,1
DA:74,1
DA:78,9
DA:82,2
DA:98,9
DA:99,9
DA:100,9
DA:101,0
DA:104,9
DA:105,9
DA:106,2
DA:107,2
DA:108,1
DA:113,8
DA:114,8
DA:115,8
DA:116,8
DA:122,8
DA:124,8
DA:126,8
DA:127,8
DA:130,8
DA:131,8
DA:132,16
DA:134,8
DA:135,8
DA:136,8
DA:138,8
DA:139,8
DA:142,8
DA:143,8
DA:144,8
DA:146,8
DA:147,8
DA:155,8
DA:156,8
DA:157,8
DA:158,8
DA:159,8
DA:161,8
DA:162,4
DA:163,3
DA:164,3
DA:165,1
DA:170,1
DA:171,1
DA:173,4
DA:174,1
DA:175,1
DA:178,8
DA:179,5
DA:192,5
DA:218,5
DA:229,8
DA:230,8
DA:231,8
DA:232,8
DA:233,6
DA:234,6
DA:235,2
DA:236,2
DA:238,4
DA:241,6
DA:249,6
DA:271,9
DA:277,8
DA:281,8
DA:282,8
DA:288,8
DA:299,7
DA:300,7
DA:301,1
DA:303,6
DA:304,0
DA:307,6
DA:308,6
DA:310,6
DA:311,8
DA:312,8
DA:313,8
DA:314,8
DA:316,8
DA:317,8
DA:319,8
DA:321,4
DA:339,4
DA:354,8
DA:366,8
DA:370,6
DA:372,6
DA:383,5
DA:385,4
DA:387,4
DA:388,0
DA:390,4
DA:391,0
DA:393,4
DA:394,1
DA:396,3
DA:397,1
DA:400,2
DA:401,2
DA:402,2
DA:405,2
DA:412,2
DA:413,2
DA:414,1
DA:418,1
DA:419,1
DA:420,1
DA:421,1
DA:422,1
DA:424,1
DA:425,1
DA:426,1
DA:428,1
DA:429,1
DA:430,1
DA:433,1
DA:449,1
DA:450,1
DA:451,1
DA:460,1
DA:461,1
DA:469,6
DA:470,6
DA:471,6
DA:472,6
DA:473,6
DA:474,6
DA:475,0
DA:477,6
DA:478,0
DA:479,0
DA:486,0
DA:490,0
DA:500,10
DA:501,1
DA:503,10
DA:506,1
LF:177
LH:164
BRDA:11,0,0,1
BRDA:11,0,1,0
BRDA:12,1,0,1
BRDA:12,1,1,0
BRDA:13,2,0,1
BRDA:13,2,1,0
BRDA:14,3,0,1
BRDA:14,3,1,0
BRDA:16,4,0,1
BRDA:16,4,1,0
BRDA:17,5,0,1
BRDA:17,5,1,0
BRDA:24,6,0,0
BRDA:24,6,1,19
BRDA:33,7,0,2
BRDA:33,7,1,2
BRDA:44,8,0,9
BRDA:44,8,1,0
BRDA:59,9,0,0
BRDA:59,9,1,6
BRDA:59,10,0,6
BRDA:59,10,1,0
BRDA:82,11,0,2
BRDA:82,11,1,0
BRDA:97,12,0,0
BRDA:98,13,0,0
BRDA:99,14,0,0
BRDA:99,14,1,9
BRDA:100,15,0,0
BRDA:100,15,1,9
BRDA:100,16,0,9
BRDA:100,16,1,0
BRDA:105,17,0,2
BRDA:105,17,1,7
BRDA:107,18,0,1
BRDA:107,18,1,1
BRDA:107,19,0,2
BRDA:107,19,1,1
BRDA:122,20,0,8
BRDA:122,20,1,0
BRDA:127,21,0,8
BRDA:127,21,1,0
BRDA:132,22,0,8
BRDA:132,22,1,0
BRDA:134,23,0,8
BRDA:134,23,1,0
BRDA:135,24,0,8
BRDA:135,24,1,0
BRDA:136,25,0,8
BRDA:136,25,1,0
BRDA:138,26,0,8
BRDA:138,26,1,0
BRDA:139,27,0,8
BRDA:139,27,1,0
BRDA:139,28,0,8
BRDA:139,28,1,8
BRDA:143,29,0,8
BRDA:143,29,1,0
BRDA:144,30,0,8
BRDA:144,30,1,0
BRDA:155,31,0,8
BRDA:155,31,1,0
BRDA:158,32,0,8
BRDA:158,32,1,4
BRDA:159,33,0,8
BRDA:159,33,1,4
BRDA:159,33,2,1
BRDA:161,34,0,4
BRDA:161,34,1,4
BRDA:162,35,0,3
BRDA:162,35,1,1
BRDA:162,36,0,4
BRDA:162,36,1,1
BRDA:165,37,0,1
BRDA:165,37,1,0
BRDA:166,38,0,1
BRDA:166,38,1,1
BRDA:166,38,2,1
BRDA:173,39,0,1
BRDA:173,39,1,3
BRDA:178,40,0,5
BRDA:178,40,1,3
BRDA:180,41,0,3
BRDA:180,41,1,2
BRDA:184,42,0,1
BRDA:184,42,1,1
BRDA:204,43,0,5
BRDA:204,43,1,0
BRDA:206,44,0,5
BRDA:206,44,1,0
BRDA:212,45,0,5
BRDA:212,45,1,0
BRDA:229,46,0,8
BRDA:229,46,1,0
BRDA:229,47,0,8
BRDA:229,47,1,8
BRDA:232,48,0,6
BRDA:232,48,1,2
BRDA:232,49,0,8
BRDA:232,49,1,8
BRDA:234,50,0,2
BRDA:234,50,1,4
BRDA:234,51,0,6
BRDA:234,51,1,5
BRDA:241,52,0,2
BRDA:241,52,1,4
BRDA:261,53,0,6
BRDA:261,53,1,0
BRDA:263,54,0,6
BRDA:263,54,1,0
BRDA:298,55,0,0
BRDA:298,56,0,1
BRDA:299,57,0,0
BRDA:299,57,1,7
BRDA:300,58,0,1
BRDA:300,58,1,6
BRDA:300,59,0,7
BRDA:300,59,1,0
BRDA:303,60,0,0
BRDA:303,60,1,6
BRDA:313,61,0,8
BRDA:313,61,1,0
BRDA:314,62,0,5
BRDA:314,62,1,3
BRDA:316,63,0,0
BRDA:316,63,1,8
BRDA:317,64,0,0
BRDA:317,64,1,8
BRDA:319,65,0,4
BRDA:319,65,1,4
BRDA:366,66,0,8
BRDA:366,66,1,0
BRDA:382,67,0,0
BRDA:383,68,0,1
BRDA:383,68,1,4
BRDA:385,69,0,2
BRDA:385,70,0,2
BRDA:387,71,0,0
BRDA:387,71,1,4
BRDA:387,72,0,4
BRDA:387,72,1,3
BRDA:390,73,0,0
BRDA:390,73,1,4
BRDA:390,74,0,4
BRDA:390,74,1,3
BRDA:393,75,0,1
BRDA:393,75,1,3
BRDA:393,76,0,4
BRDA:393,76,1,3
BRDA:393,76,2,3
BRDA:396,77,0,1
BRDA:396,77,1,2
BRDA:396,78,0,3
BRDA:396,78,1,3
BRDA:413,79,0,1
BRDA:413,79,1,1
BRDA:413,80,0,2
BRDA:413,80,1,1
BRDA:420,81,0,1
BRDA:420,81,1,0
BRDA:424,82,0,1
BRDA:424,82,1,0
BRDA:428,83,0,1
BRDA:428,83,1,0
BRDA:449,84,0,1
BRDA:449,84,1,0
BRDA:472,85,0,6
BRDA:472,85,1,0
BRDA:477,86,0,0
BRDA:477,86,1,6
BRDA:500,87,0,1
BRDA:500,87,1,9
BRF:172
BRH:121
end_of_record
TN:
SF:src\services\satellite.service.js
FN:21,(anonymous_0)
FN:45,(anonymous_1)
FN:54,(anonymous_2)
FN:60,(anonymous_3)
FN:64,(anonymous_4)
FN:82,(anonymous_5)
FN:102,(anonymous_6)
FN:134,(anonymous_7)
FN:142,(anonymous_8)
FN:161,(anonymous_9)
FN:181,(anonymous_10)
FN:185,(anonymous_11)
FN:214,(anonymous_12)
FN:215,(anonymous_13)
FN:227,(anonymous_14)
FN:234,(anonymous_15)
FN:269,(anonymous_16)
FN:314,(anonymous_17)
FN:358,(anonymous_18)
FN:362,(anonymous_19)
FN:371,(anonymous_20)
FN:424,(anonymous_21)
FN:433,(anonymous_22)
FN:434,(anonymous_23)
FN:448,(anonymous_24)
FN:455,(anonymous_25)
FN:490,(anonymous_26)
FN:491,(anonymous_27)
FN:494,(anonymous_28)
FN:495,(anonymous_29)
FN:522,getSatelliteService
FNF:31
FNH:30
FNDA:43,(anonymous_0)
FNDA:26,(anonymous_1)
FNDA:13,(anonymous_2)
FNDA:16,(anonymous_3)
FNDA:13,(anonymous_4)
FNDA:9,(anonymous_5)
FNDA:19,(anonymous_6)
FNDA:26,(anonymous_7)
FNDA:11,(anonymous_8)
FNDA:6,(anonymous_9)
FNDA:11,(anonymous_10)
FNDA:13,(anonymous_11)
FNDA:4,(anonymous_12)
FNDA:4,(anonymous_13)
FNDA:4,(anonymous_14)
FNDA:9,(anonymous_15)
FNDA:14,(anonymous_16)
FNDA:3,(anonymous_17)
FNDA:2,(anonymous_18)
FNDA:6,(anonymous_19)
FNDA:7,(anonymous_20)
FNDA:2,(anonymous_21)
FNDA:1,(anonymous_22)
FNDA:0,(anonymous_23)
FNDA:2,(anonymous_24)
FNDA:2,(anonymous_25)
FNDA:3,(anonymous_26)
FNDA:12,(anonymous_27)
FNDA:6,(anonymous_28)
FNDA:6,(anonymous_29)
FNDA:6,getSatelliteService
DA:1,14
DA:2,14
DA:3,14
DA:4,14
DA:5,14
DA:22,43
DA:25,43
DA:26,43
DA:27,43
DA:32,43
DA:35,43
DA:37,43
DA:38,43
DA:40,43
DA:41,43
DA:42,43
DA:46,26
DA:47,18
DA:49,26
DA:55,13
DA:56,13
DA:57,13
DA:61,16
DA:65,13
DA:66,13
DA:67,6
DA:68,6
DA:69,4
DA:70,4
DA:71,4
DA:78,2
DA:83,9
DA:89,9
DA:90,7
DA:92,2
DA:103,19
DA:104,19
DA:105,19
DA:106,19
DA:113,2
DA:115,17
DA:116,17
DA:117,4
DA:120,13
DA:121,13
DA:123,13
DA:124,13
DA:126,13
DA:127,13
DA:128,13
DA:129,13
DA:131,13
DA:135,26
DA:136,26
DA:137,26
DA:143,11
DA:145,6
DA:149,11
DA:150,11
DA:151,2
DA:153,9
DA:154,9
DA:155,9
DA:156,9
DA:158,9
DA:161,6
DA:163,9
DA:164,2
DA:165,2
DA:166,2
DA:168,7
DA:169,7
DA:170,7
DA:171,7
DA:182,11
DA:185,13
DA:189,11
DA:190,9
DA:207,2
DA:214,4
DA:215,4
DA:216,2
DA:218,2
DA:227,4
DA:236,9
DA:237,9
DA:238,9
DA:270,14
DA:273,14
DA:274,3
DA:276,11
DA:278,11
DA:279,11
DA:280,11
DA:281,3
DA:286,3
DA:288,2
DA:290,1
DA:299,8
DA:300,8
DA:302,8
DA:303,7
DA:305,7
DA:306,7
DA:314,3
DA:317,7
DA:318,1
DA:319,1
DA:324,1
DA:325,1
DA:326,1
DA:329,6
DA:330,6
DA:331,6
DA:333,6
DA:335,6
DA:336,6
DA:344,6
DA:359,2
DA:363,6
DA:364,6
DA:372,7
DA:375,7
DA:376,1
DA:378,6
DA:379,0
DA:381,6
DA:382,6
DA:383,6
DA:384,6
DA:385,6
DA:393,2
DA:395,4
DA:398,4
DA:399,4
DA:400,4
DA:408,4
DA:409,2
DA:410,2
DA:411,2
DA:412,2
DA:417,2
DA:418,2
DA:419,2
DA:424,2
DA:429,2
DA:430,2
DA:433,2
DA:434,1
DA:435,0
DA:436,0
DA:437,0
DA:438,0
DA:439,0
DA:440,0
DA:445,2
DA:449,2
DA:450,2
DA:451,1
DA:456,2
DA:457,2
DA:458,2
DA:459,2
DA:460,2
DA:462,2
DA:463,2
DA:464,2
DA:466,2
DA:467,158
DA:469,158
DA:480,0
DA:484,2
DA:485,2
DA:486,2
DA:491,12
DA:492,3
DA:494,6
DA:495,3
DA:496,6
DA:497,6
DA:502,3
DA:503,3
DA:504,3
DA:505,3
DA:507,3
DA:508,3
DA:509,26
DA:510,316
DA:513,3
DA:523,6
DA:524,5
DA:526,6
DA:529,14
LF:193
LH:185
BRDA:25,0,0,43
BRDA:25,0,1,41
BRDA:26,1,0,43
BRDA:26,1,1,41
BRDA:28,2,0,43
BRDA:28,2,1,41
BRDA:33,3,0,43
BRDA:33,3,1,35
BRDA:36,4,0,43
BRDA:36,4,1,35
BRDA:37,5,0,43
BRDA:37,5,1,35
BRDA:38,6,0,43
BRDA:38,6,1,35
BRDA:46,7,0,18
BRDA:46,7,1,8
BRDA:55,8,0,13
BRDA:55,8,1,0
BRDA:56,9,0,13
BRDA:56,9,1,0
BRDA:66,10,0,7
BRDA:66,10,1,6
BRDA:69,11,0,0
BRDA:69,11,1,4
BRDA:69,12,0,4
BRDA:69,12,1,4
BRDA:74,13,0,4
BRDA:74,13,1,0
BRDA:86,14,0,9
BRDA:86,14,1,0
BRDA:89,15,0,7
BRDA:89,15,1,2
BRDA:106,16,0,2
BRDA:106,16,1,17
BRDA:107,17,0,19
BRDA:107,17,1,19
BRDA:107,17,2,19
BRDA:107,17,3,19
BRDA:107,17,4,18
BRDA:116,18,0,4
BRDA:116,18,1,13
BRDA:116,19,0,17
BRDA:116,19,1,15
BRDA:116,19,2,14
BRDA:116,19,3,14
BRDA:143,20,0,6
BRDA:143,20,1,5
BRDA:143,21,0,11
BRDA:143,21,1,5
BRDA:150,22,0,2
BRDA:150,22,1,9
BRDA:150,23,0,11
BRDA:150,23,1,2
BRDA:161,24,0,6
BRDA:161,24,1,6
BRDA:163,25,0,2
BRDA:163,25,1,7
BRDA:163,26,0,9
BRDA:163,26,1,9
BRDA:168,27,0,7
BRDA:168,27,1,0
BRDA:169,28,0,7
BRDA:169,28,1,0
BRDA:182,29,0,11
BRDA:182,29,1,0
BRDA:189,30,0,9
BRDA:189,30,1,2
BRDA:189,31,0,11
BRDA:189,31,1,9
BRDA:214,32,0,4
BRDA:214,32,1,0
BRDA:269,33,0,3
BRDA:269,34,0,5
BRDA:273,35,0,3
BRDA:273,35,1,11
BRDA:273,36,0,14
BRDA:273,36,1,0
BRDA:280,37,0,3
BRDA:280,37,1,8
BRDA:286,38,0,2
BRDA:286,38,1,1
BRDA:286,39,0,3
BRDA:286,39,1,3
BRDA:314,40,0,3
BRDA:314,40,1,3
BRDA:317,41,0,1
BRDA:317,41,1,6
BRDA:317,42,0,7
BRDA:317,42,1,7
BRDA:331,43,0,6
BRDA:331,43,1,0
BRDA:371,44,0,2
BRDA:371,45,0,4
BRDA:375,46,0,1
BRDA:375,46,1,6
BRDA:375,47,0,7
BRDA:375,47,1,6
BRDA:378,48,0,0
BRDA:378,48,1,6
BRDA:378,49,0,6
BRDA:378,49,1,0
BRDA:385,50,0,2
BRDA:385,50,1,4
BRDA:386,51,0,6
BRDA:386,51,1,6
BRDA:386,51,2,6
BRDA:386,51,3,6
BRDA:386,51,4,6
BRDA:386,51,5,4
BRDA:395,52,0,4
BRDA:395,52,1,0
BRDA:395,53,0,0
BRDA:395,53,1,0
BRDA:399,54,0,4
BRDA:399,54,1,0
BRDA:408,55,0,2
BRDA:408,55,1,2
BRDA:411,56,0,2
BRDA:411,56,1,0
BRDA:430,57,0,2
BRDA:430,57,1,0
BRDA:436,58,0,0
BRDA:436,58,1,0
BRDA:450,59,0,1
BRDA:450,59,1,1
BRDA:457,60,0,0
BRDA:457,60,1,2
BRDA:523,61,0,5
BRDA:523,61,1,1
BRF:129
BRH:107
end_of_record
TN:
SF:src\services\weather.service.js
FN:15,(anonymous_0)
FN:25,(anonymous_1)
FN:32,(anonymous_2)
FN:41,(anonymous_3)
FN:50,(anonymous_4)
FN:53,(anonymous_5)
FN:59,(anonymous_6)
FN:63,(anonymous_7)
FN:76,(anonymous_8)
FN:87,(anonymous_9)
FN:124,(anonymous_10)
FN:147,(anonymous_11)
FN:210,(anonymous_12)
FN:266,(anonymous_13)
FN:268,(anonymous_14)
FN:277,(anonymous_15)
FN:277,(anonymous_16)
FN:283,(anonymous_17)
FN:294,(anonymous_18)
FN:333,(anonymous_19)
FN:369,(anonymous_20)
FN:393,(anonymous_21)
FN:407,getWeatherService
FNF:23
FNH:20
FNDA:43,(anonymous_0)
FNDA:36,(anonymous_1)
FNDA:29,(anonymous_2)
FNDA:24,(anonymous_3)
FNDA:2,(anonymous_4)
FNDA:2,(anonymous_5)
FNDA:19,(anonymous_6)
FNDA:26,(anonymous_7)
FNDA:17,(anonymous_8)
FNDA:0,(anonymous_9)
FNDA:5,(anonymous_10)
FNDA:17,(anonymous_11)
FNDA:5,(anonymous_12)
FNDA:4,(anonymous_13)
FNDA:12,(anonymous_14)
FNDA:8,(anonymous_15)
FNDA:20,(anonymous_16)
FNDA:6,(anonymous_17)
FNDA:2,(anonymous_18)
FNDA:3,(anonymous_19)
FNDA:0,(anonymous_20)
FNDA:0,(anonymous_21)
FNDA:2,getWeatherService
DA:1,14
DA:2,14
DA:3,14
DA:4,14
DA:5,14
DA:16,43
DA:19,43
DA:20,43
DA:21,43
DA:22,43
DA:26,36
DA:27,27
DA:29,36
DA:34,29
DA:35,29
DA:36,3
DA:38,26
DA:42,24
DA:43,4
DA:45,20
DA:46,20
DA:51,2
DA:52,2
DA:54,2
DA:60,19
DA:64,26
DA:65,24
DA:67,23
DA:70,23
DA:71,1
DA:73,22
DA:77,17
DA:78,17
DA:80,17
DA:81,17
DA:82,22
DA:83,22
DA:87,0
DA:90,19
DA:91,10
DA:92,10
DA:93,10
DA:94,10
DA:99,10
DA:103,9
DA:104,3
DA:105,3
DA:109,3
DA:110,3
DA:111,3
DA:115,6
DA:117,6
DA:118,3
DA:122,9
DA:123,5
DA:124,5
DA:125,5
DA:126,5
DA:128,4
DA:131,4
DA:132,4
DA:137,4
DA:138,4
DA:139,4
DA:140,4
DA:148,17
DA:149,17
DA:150,15
DA:151,14
DA:153,12
DA:154,12
DA:155,12
DA:156,5
DA:157,5
DA:163,7
DA:164,7
DA:168,7
DA:169,7
DA:170,2
DA:171,2
DA:179,2
DA:180,2
DA:181,2
DA:187,5
DA:188,5
DA:189,1
DA:190,1
DA:196,4
DA:197,2
DA:198,2
DA:199,2
DA:200,2
DA:202,2
DA:211,5
DA:212,5
DA:213,5
DA:214,5
DA:216,5
DA:217,5
DA:218,5
DA:219,2
DA:220,2
DA:226,3
DA:227,3
DA:231,3
DA:232,3
DA:233,3
DA:234,3
DA:242,3
DA:243,3
DA:244,3
DA:249,0
DA:250,0
DA:251,0
DA:252,0
DA:257,0
DA:267,4
DA:268,4
DA:269,12
DA:270,12
DA:271,12
DA:272,12
DA:273,12
DA:274,12
DA:275,12
DA:277,20
DA:278,4
DA:279,4
DA:280,4
DA:284,6
DA:285,6
DA:286,6
DA:295,2
DA:296,2
DA:297,2
DA:298,2
DA:300,2
DA:301,2
DA:302,2
DA:303,1
DA:304,1
DA:307,1
DA:308,1
DA:310,1
DA:311,1
DA:312,1
DA:314,1
DA:323,1
DA:324,1
DA:326,1
DA:334,3
DA:335,3
DA:337,3
DA:338,3
DA:339,3
DA:340,1
DA:341,1
DA:344,2
DA:345,2
DA:347,2
DA:348,2
DA:349,2
DA:351,2
DA:359,2
DA:360,2
DA:362,2
DA:370,0
DA:375,0
DA:382,0
DA:394,0
DA:396,0
DA:397,0
DA:398,0
DA:408,2
DA:409,1
DA:411,2
DA:414,14
LF:177
LH:164
BRDA:20,0,0,43
BRDA:20,0,1,43
BRDA:21,1,0,43
BRDA:21,1,1,43
BRDA:22,2,0,43
BRDA:22,2,1,43
BRDA:26,3,0,27
BRDA:26,3,1,9
BRDA:34,4,0,29
BRDA:34,4,1,3
BRDA:35,5,0,3
BRDA:35,5,1,26
BRDA:42,6,0,4
BRDA:42,6,1,20
BRDA:42,7,0,24
BRDA:42,7,1,20
BRDA:64,8,0,2
BRDA:64,8,1,24
BRDA:65,9,0,1
BRDA:65,9,1,23
BRDA:70,10,0,1
BRDA:70,10,1,22
BRDA:87,11,0,0
BRDA:87,11,1,0
BRDA:90,12,0,10
BRDA:90,12,1,9
BRDA:90,13,0,19
BRDA:90,13,1,19
BRDA:93,14,0,10
BRDA:93,14,1,0
BRDA:103,15,0,3
BRDA:103,15,1,6
BRDA:103,16,0,9
BRDA:103,16,1,9
BRDA:117,17,0,3
BRDA:117,17,1,3
BRDA:122,18,0,5
BRDA:122,18,1,4
BRDA:134,19,0,4
BRDA:134,19,1,0
BRDA:155,20,0,5
BRDA:155,20,1,7
BRDA:174,21,0,2
BRDA:174,21,1,0
BRDA:188,22,0,1
BRDA:188,22,1,4
BRDA:196,23,0,2
BRDA:196,23,1,2
BRDA:218,24,0,2
BRDA:218,24,1,3
BRDA:237,25,0,3
BRDA:237,25,1,0
BRDA:250,26,0,0
BRDA:250,26,1,0
BRDA:267,27,0,4
BRDA:267,27,1,0
BRDA:269,28,0,12
BRDA:269,28,1,0
BRDA:271,29,0,12
BRDA:271,29,1,3
BRDA:272,30,0,12
BRDA:272,30,1,0
BRDA:272,31,0,12
BRDA:272,31,1,12
BRDA:273,32,0,12
BRDA:273,32,1,0
BRDA:273,33,0,12
BRDA:273,33,1,12
BRDA:274,34,0,9
BRDA:274,34,1,3
BRDA:277,35,0,20
BRDA:277,35,1,5
BRDA:302,36,0,1
BRDA:302,36,1,1
BRDA:312,37,0,1
BRDA:312,37,1,0
BRDA:339,38,0,1
BRDA:339,38,1,2
BRDA:349,39,0,2
BRDA:349,39,1,0
BRDA:408,40,0,1
BRDA:408,40,1,1
BRF:82
BRH:68
end_of_record
