TN:
SF:src\api\controllers\field.controller.js
FN:14,(anonymous_0)
FN:50,(anonymous_1)
FN:76,(anonymous_2)
FN:101,(anonymous_3)
FN:125,(anonymous_4)
FN:138,(anonymous_5)
FN:150,(anonymous_6)
FN:175,(anonymous_7)
FNF:8
FNH:8
FNDA:7,(anonymous_0)
FNDA:6,(anonymous_1)
FNDA:5,(anonymous_2)
FNDA:4,(anonymous_3)
FNDA:3,(anonymous_4)
FNDA:3,(anonymous_5)
FNDA:5,(anonymous_6)
FNDA:3,(anonymous_7)
DA:3,27
DA:4,27
DA:6,27
DA:12,27
DA:15,7
DA:16,7
DA:17,7
DA:18,7
DA:19,7
DA:20,6
DA:28,6
DA:29,6
DA:38,6
DA:45,1
DA:51,6
DA:52,6
DA:53,6
DA:54,6
DA:55,6
DA:56,6
DA:58,4
DA:59,4
DA:67,4
DA:71,2
DA:77,5
DA:78,5
DA:79,5
DA:80,5
DA:81,5
DA:82,5
DA:84,4
DA:85,4
DA:94,4
DA:96,1
DA:102,4
DA:103,4
DA:104,4
DA:105,4
DA:106,4
DA:107,4
DA:108,4
DA:109,4
DA:110,4
DA:118,4
DA:120,0
DA:126,3
DA:127,3
DA:128,3
DA:129,3
DA:130,3
DA:131,3
DA:133,0
DA:139,3
DA:140,3
DA:141,3
DA:142,3
DA:143,2
DA:145,1
DA:151,5
DA:152,5
DA:153,5
DA:154,5
DA:155,5
DA:156,5
DA:158,4
DA:159,4
DA:168,4
DA:170,1
DA:176,3
DA:177,3
DA:178,3
DA:179,3
DA:180,3
DA:182,0
LF:74
LH:71
BRDA:16,0,0,7
BRDA:16,0,1,6
BRDA:19,1,0,7
BRDA:19,1,1,0
BRDA:21,2,0,6
BRDA:21,2,1,0
BRDA:21,2,2,0
BRDA:22,3,0,6
BRDA:22,3,1,0
BRDA:23,4,0,6
BRDA:23,4,1,0
BRDA:24,5,0,6
BRDA:24,5,1,0
BRDA:25,6,0,6
BRDA:25,6,1,5
BRDA:52,7,0,6
BRDA:52,7,1,4
BRDA:55,8,0,6
BRDA:55,8,1,0
BRDA:78,9,0,5
BRDA:78,9,1,4
BRDA:103,10,0,4
BRDA:103,10,1,3
BRDA:107,11,0,4
BRDA:107,11,1,0
BRDA:129,12,0,3
BRDA:129,12,1,0
BRDA:152,13,0,5
BRDA:152,13,1,3
BRF:29
BRH:20
end_of_record
TN:
SF:src\api\controllers\ml.controller.js
FN:15,(anonymous_0)
FN:53,(anonymous_1)
FNF:2
FNH:2
FNDA:4,(anonymous_0)
FNDA:11,(anonymous_1)
DA:3,22
DA:4,22
DA:6,22
DA:14,22
DA:16,4
DA:17,4
DA:18,4
DA:19,4
DA:26,4
DA:28,3
DA:29,3
DA:39,3
DA:49,1
DA:54,11
DA:55,11
DA:56,11
DA:57,11
DA:64,11
DA:66,6
DA:67,6
DA:77,6
DA:87,5
LF:22
LH:22
BRDA:17,0,0,4
BRDA:17,0,1,2
BRDA:19,1,0,4
BRDA:19,1,1,0
BRDA:36,2,0,3
BRDA:36,2,1,0
BRDA:55,3,0,11
BRDA:55,3,1,4
BRDA:57,4,0,11
BRDA:57,4,1,0
BRDA:74,5,0,6
BRDA:74,5,1,0
BRF:12
BRH:8
end_of_record
TN:
SF:src\api\controllers\recommendation.controller.js
FN:10,(anonymous_0)
FN:20,(anonymous_1)
FN:44,(anonymous_2)
FN:71,(anonymous_3)
FN:88,(anonymous_4)
FN:102,(anonymous_5)
FN:118,(anonymous_6)
FN:169,(anonymous_7)
FN:202,(anonymous_8)
FNF:9
FNH:3
FNDA:14,(anonymous_0)
FNDA:2,(anonymous_1)
FNDA:51,(anonymous_2)
FNDA:0,(anonymous_3)
FNDA:0,(anonymous_4)
FNDA:0,(anonymous_5)
FNDA:0,(anonymous_6)
FNDA:0,(anonymous_7)
FNDA:0,(anonymous_8)
DA:3,14
DA:11,14
DA:12,14
DA:13,14
DA:21,2
DA:22,2
DA:23,2
DA:25,2
DA:27,0
DA:36,2
DA:45,51
DA:46,51
DA:47,51
DA:48,51
DA:51,51
DA:52,0
DA:53,0
DA:55,0
DA:56,0
DA:59,0
DA:65,0
DA:67,0
DA:71,0
DA:80,51
DA:89,0
DA:90,0
DA:91,0
DA:93,0
DA:99,0
DA:102,0
DA:110,0
DA:119,0
DA:120,0
DA:121,0
DA:122,0
DA:124,0
DA:125,0
DA:128,0
DA:129,0
DA:130,0
DA:138,0
DA:139,0
DA:140,0
DA:143,0
DA:144,0
DA:147,0
DA:153,0
DA:161,0
DA:170,0
DA:171,0
DA:172,0
DA:175,0
DA:176,0
DA:177,0
DA:180,0
DA:181,0
DA:184,0
DA:186,0
DA:194,0
DA:203,0
DA:225,14
LF:61
LH:16
BRDA:52,0,0,0
BRDA:52,0,1,0
BRDA:55,1,0,0
BRDA:55,1,1,0
BRDA:124,2,0,0
BRDA:124,2,1,0
BRDA:129,3,0,0
BRDA:129,3,1,0
BRDA:139,4,0,0
BRDA:139,4,1,0
BRDA:143,5,0,0
BRDA:143,5,1,0
BRDA:176,6,0,0
BRDA:176,6,1,0
BRDA:180,7,0,0
BRDA:180,7,1,0
BRDA:212,8,0,0
BRDA:212,8,1,0
BRDA:213,9,0,0
BRDA:213,9,1,0
BRF:20
BRH:0
end_of_record
TN:
SF:src\api\controllers\satellite.controller.js
FN:8,correlationId
FN:19,(anonymous_1)
FN:69,(anonymous_2)
FN:105,(anonymous_3)
FNF:4
FNH:4
FNDA:11,correlationId
FNDA:6,(anonymous_1)
FNDA:6,(anonymous_2)
FNDA:1,(anonymous_3)
DA:3,25
DA:4,25
DA:6,25
DA:9,11
DA:12,25
DA:20,6
DA:21,6
DA:22,6
DA:23,6
DA:24,6
DA:26,6
DA:37,5
DA:43,5
DA:44,5
DA:54,5
DA:55,2
DA:58,3
DA:60,1
DA:70,6
DA:71,6
DA:72,6
DA:73,6
DA:75,6
DA:80,6
DA:81,6
DA:91,6
DA:97,0
DA:106,1
DA:107,1
DA:108,1
DA:109,1
DA:110,0
DA:116,1
DA:122,0
LF:34
LH:31
BRDA:9,0,0,11
BRDA:9,0,1,11
BRDA:9,0,2,11
BRDA:23,1,0,0
BRDA:23,2,0,0
BRDA:24,3,0,6
BRDA:24,3,1,3
BRDA:50,4,0,5
BRDA:50,4,1,2
BRDA:54,5,0,2
BRDA:54,5,1,3
BRDA:72,6,0,6
BRDA:72,6,1,2
BRDA:72,6,2,2
BRDA:73,7,0,0
BRDA:73,8,0,1
BRDA:109,9,0,0
BRDA:109,9,1,1
BRF:18
BRH:14
end_of_record
TN:
SF:src\api\controllers\weather.controller.js
FN:14,(anonymous_0)
FN:28,(anonymous_1)
FNF:2
FNH:2
FNDA:4,(anonymous_0)
FNDA:1,(anonymous_1)
DA:3,21
DA:4,21
DA:6,21
DA:13,21
DA:15,4
DA:16,4
DA:17,4
DA:18,4
DA:19,1
DA:21,3
DA:22,2
DA:24,2
DA:29,1
DA:30,1
DA:31,1
DA:32,1
DA:33,0
DA:35,1
DA:36,1
DA:38,0
LF:20
LH:18
BRDA:18,0,0,1
BRDA:18,0,1,3
BRDA:32,1,0,0
BRDA:32,1,1,1
BRF:4
BRH:3
end_of_record
TN:
SF:src\api\routes\field.routes.js
FN:18,(anonymous_0)
FNF:1
FNH:1
FNDA:6,(anonymous_0)
DA:3,14
DA:4,14
DA:5,14
DA:6,14
DA:7,14
DA:8,14
DA:10,14
DA:13,14
DA:18,14
DA:19,6
DA:20,6
DA:21,6
DA:24,14
DA:29,14
DA:34,14
DA:39,14
DA:54,14
DA:55,14
DA:58,14
DA:61,14
DA:64,14
DA:67,14
DA:71,14
DA:73,14
LF:24
LH:24
BRDA:20,0,0,0
BRDA:20,0,1,6
BRF:2
BRH:1
end_of_record
TN:
SF:src\api\routes\ml.routes.js
FN:21,(anonymous_0)
FNF:1
FNH:1
FNDA:3,(anonymous_0)
DA:3,15
DA:4,15
DA:5,15
DA:6,15
DA:7,15
DA:9,15
DA:12,15
DA:13,15
DA:16,15
DA:21,15
DA:22,3
DA:23,2
DA:24,2
DA:25,2
DA:27,3
DA:31,15
DA:34,15
DA:36,15
LF:18
LH:18
BRDA:22,0,0,2
BRDA:22,0,1,1
BRDA:22,1,0,3
BRDA:22,1,1,3
BRDA:22,1,2,2
BRF:5
BRH:5
end_of_record
TN:
SF:src\api\routes\recommendation.routes.js
FN:57,(anonymous_0)
FN:69,(anonymous_1)
FN:81,(anonymous_2)
FN:93,(anonymous_3)
FN:105,(anonymous_4)
FNF:5
FNH:2
FNDA:2,(anonymous_0)
FNDA:51,(anonymous_1)
FNDA:0,(anonymous_2)
FNDA:0,(anonymous_3)
FNDA:0,(anonymous_4)
DA:3,14
DA:4,14
DA:5,14
DA:6,14
DA:7,14
DA:8,14
DA:9,14
DA:10,14
DA:11,14
DA:12,14
DA:13,14
DA:14,14
DA:15,14
DA:17,14
DA:20,14
DA:21,14
DA:22,14
DA:23,14
DA:25,14
DA:31,14
DA:33,14
DA:40,14
DA:53,14
DA:57,2
DA:65,14
DA:69,51
DA:77,14
DA:81,0
DA:89,14
DA:93,0
DA:101,14
DA:105,0
DA:108,14
LF:33
LH:30
BRF:0
BRH:0
end_of_record
TN:
SF:src\api\routes\satellite.routes.js
FN:23,enforceMaxBodySize
FN:24,(anonymous_1)
FNF:2
FNH:2
FNDA:18,enforceMaxBodySize
FNDA:11,(anonymous_1)
DA:3,18
DA:4,18
DA:5,18
DA:6,18
DA:7,18
DA:9,18
DA:12,18
DA:15,18
DA:24,18
DA:25,11
DA:26,11
DA:27,11
DA:28,1
DA:38,10
DA:39,2
DA:40,1
DA:41,1
DA:51,8
DA:53,1
DA:59,18
DA:67,18
DA:70,18
DA:72,18
LF:23
LH:23
BRDA:26,0,0,9
BRDA:26,0,1,2
BRDA:27,1,0,1
BRDA:27,1,1,10
BRDA:27,2,0,11
BRDA:27,2,1,9
BRDA:38,3,0,2
BRDA:38,3,1,8
BRDA:38,4,0,10
BRDA:38,4,1,2
BRDA:38,4,2,2
BRDA:40,5,0,1
BRDA:40,5,1,0
BRF:13
BRH:12
end_of_record
TN:
SF:src\api\routes\weather.routes.js
FNF:0
FNH:0
DA:3,14
DA:4,14
DA:5,14
DA:6,14
DA:7,14
DA:9,14
DA:11,14
DA:16,14
DA:19,14
DA:22,14
DA:24,14
LF:11
LH:11
BRF:0
BRH:0
end_of_record
TN:
SF:src\errors\custom-errors.js
FN:4,(anonymous_0)
FN:15,(anonymous_1)
FN:21,(anonymous_2)
FN:27,(anonymous_3)
FN:33,(anonymous_4)
FN:39,(anonymous_5)
FN:45,(anonymous_6)
FNF:7
FNH:7
FNDA:153,(anonymous_0)
FNDA:73,(anonymous_1)
FNDA:15,(anonymous_2)
FNDA:10,(anonymous_3)
FNDA:2,(anonymous_4)
FNDA:8,(anonymous_5)
FNDA:2,(anonymous_6)
DA:5,153
DA:6,153
DA:7,153
DA:8,153
DA:9,153
DA:10,153
DA:16,73
DA:22,15
DA:28,10
DA:34,2
DA:40,8
DA:46,2
DA:50,71
LF:13
LH:13
BRDA:4,0,0,1
BRDA:4,1,0,1
BRDA:15,2,0,1
BRDA:15,3,0,29
BRDA:21,4,0,1
BRDA:21,5,0,12
BRDA:27,6,0,1
BRDA:27,7,0,9
BRDA:33,8,0,1
BRDA:33,9,0,1
BRDA:39,10,0,1
BRDA:39,11,0,1
BRDA:45,12,0,1
BRDA:45,13,0,1
BRDA:45,14,0,1
BRF:15
BRH:15
end_of_record
TN:
SF:src\services\field.service.js
FN:24,getRedis
FN:32,redisGetJSON
FN:43,redisSetJSON
FN:54,redisDelPattern
FN:72,isFiniteNumber
FN:76,validatePolygonCoordinates
FN:97,normalizeToMultiPolygon
FN:120,approxAreaHectares
FN:129,(anonymous_8)
FN:134,(anonymous_9)
FN:153,parseBbox
FN:156,(anonymous_11)
FN:169,parseNear
FN:171,(anonymous_13)
FN:190,parseIntersects
FN:207,stableHash
FN:212,listCacheKey
FN:227,byIdCacheKey
FN:231,invalidateFieldCaches
FN:243,queryFieldsList
FN:332,(anonymous_20)
FN:348,(anonymous_21)
FN:411,(anonymous_22)
FN:428,(anonymous_23)
FN:472,(anonymous_24)
FN:508,(anonymous_25)
FN:527,getFieldService
FNF:27
FNH:27
FNDA:57,getRedis
FNDA:23,redisGetJSON
FNDA:14,redisSetJSON
FNDA:10,redisDelPattern
FNDA:64,isFiniteNumber
FNDA:5,validatePolygonCoordinates
FNDA:6,normalizeToMultiPolygon
FNDA:4,approxAreaHectares
FNDA:19,(anonymous_8)
FNDA:19,(anonymous_9)
FNDA:9,parseBbox
FNDA:12,(anonymous_11)
FNDA:8,parseNear
FNDA:6,(anonymous_13)
FNDA:7,parseIntersects
FNDA:11,stableHash
FNDA:11,listCacheKey
FNDA:22,byIdCacheKey
FNDA:10,invalidateFieldCaches
FNDA:9,queryFieldsList
FNDA:8,(anonymous_20)
FNDA:7,(anonymous_21)
FNDA:11,(anonymous_22)
FNDA:12,(anonymous_23)
FNDA:8,(anonymous_24)
FNDA:4,(anonymous_25)
FNDA:14,getFieldService
DA:3,17
DA:4,17
DA:5,17
DA:6,17
DA:11,17
DA:16,17
DA:17,17
DA:19,17
DA:25,57
DA:26,57
DA:27,0
DA:29,57
DA:33,23
DA:34,23
DA:35,23
DA:36,5
DA:37,5
DA:39,0
DA:44,14
DA:45,14
DA:46,14
DA:47,14
DA:50,0
DA:55,10
DA:57,10
DA:58,10
DA:59,10
DA:60,10
DA:61,10
DA:62,2
DA:73,64
DA:77,5
DA:78,0
DA:80,5
DA:81,5
DA:82,0
DA:84,5
DA:85,5
DA:86,5
DA:87,0
DA:89,5
DA:90,24
DA:91,24
DA:92,0
DA:98,6
DA:99,0
DA:101,6
DA:102,5
DA:103,5
DA:108,1
DA:109,0
DA:110,0
DA:113,0
DA:114,0
DA:116,1
DA:121,4
DA:122,4
DA:124,4
DA:125,4
DA:126,4
DA:129,19
DA:130,4
DA:131,4
DA:132,4
DA:134,19
DA:136,4
DA:137,4
DA:138,15
DA:139,15
DA:140,15
DA:142,4
DA:143,4
DA:147,4
DA:154,9
DA:155,4
DA:156,12
DA:157,1
DA:159,3
DA:160,3
DA:161,0
DA:163,3
DA:164,0
DA:166,3
DA:170,8
DA:171,6
DA:172,2
DA:173,0
DA:175,2
DA:176,2
DA:177,2
DA:178,2
DA:179,0
DA:181,2
DA:182,0
DA:184,2
DA:185,1
DA:187,1
DA:191,7
DA:192,3
DA:193,3
DA:194,1
DA:195,1
DA:198,2
DA:199,2
DA:200,1
DA:201,1
DA:203,1
DA:208,11
DA:209,11
DA:213,11
DA:223,11
DA:224,11
DA:228,22
DA:233,10
DA:234,10
DA:235,10
DA:236,10
DA:244,9
DA:245,8
DA:246,7
DA:248,6
DA:252,6
DA:253,6
DA:254,6
DA:256,6
DA:257,3
DA:258,3
DA:259,3
DA:260,3
DA:261,3
DA:267,6
DA:268,1
DA:269,1
DA:270,1
DA:271,1
DA:276,6
DA:277,2
DA:278,1
DA:280,1
DA:283,1
DA:284,1
DA:285,1
DA:291,6
DA:292,6
DA:295,6
DA:296,6
DA:298,6
DA:299,6
DA:300,6
DA:302,6
DA:303,6
DA:322,6
DA:323,6
DA:325,6
DA:330,6
DA:332,8
DA:334,6
DA:349,7
DA:350,7
DA:351,0
DA:354,7
DA:355,7
DA:356,2
DA:363,5
DA:364,5
DA:366,1
DA:367,0
DA:371,4
DA:373,4
DA:376,4
DA:379,4
DA:384,4
DA:394,3
DA:396,3
DA:397,3
DA:400,1
DA:401,1
DA:403,0
DA:412,11
DA:414,11
DA:415,11
DA:416,11
DA:417,2
DA:420,9
DA:421,6
DA:422,6
DA:429,12
DA:431,12
DA:432,12
DA:433,12
DA:434,3
DA:438,9
DA:460,9
DA:461,9
DA:462,1
DA:465,8
DA:466,8
DA:473,8
DA:476,8
DA:477,0
DA:480,8
DA:481,5
DA:484,5
DA:485,2
DA:489,3
DA:492,6
DA:493,5
DA:494,2
DA:496,3
DA:499,4
DA:500,4
DA:501,4
DA:502,4
DA:509,4
DA:512,4
DA:513,1
DA:515,3
DA:516,3
DA:517,3
DA:518,3
DA:528,14
DA:529,14
DA:531,14
DA:534,17
LF:224
LH:203
BRDA:16,0,0,17
BRDA:16,0,1,16
BRDA:17,1,0,17
BRDA:17,1,1,16
BRDA:26,2,0,0
BRDA:26,2,1,57
BRDA:35,3,0,18
BRDA:35,3,1,5
BRDA:46,4,0,14
BRDA:46,4,1,0
BRDA:61,5,0,2
BRDA:61,5,1,8
BRDA:61,6,0,10
BRDA:61,6,1,10
BRDA:73,7,0,64
BRDA:73,7,1,64
BRDA:77,8,0,0
BRDA:77,8,1,5
BRDA:77,9,0,5
BRDA:77,9,1,5
BRDA:81,10,0,0
BRDA:81,10,1,5
BRDA:81,11,0,5
BRDA:81,11,1,5
BRDA:86,12,0,0
BRDA:86,12,1,5
BRDA:86,13,0,5
BRDA:86,13,1,5
BRDA:86,13,2,5
BRDA:86,13,3,5
BRDA:86,13,4,5
BRDA:86,13,5,5
BRDA:91,14,0,0
BRDA:91,14,1,24
BRDA:91,15,0,24
BRDA:91,15,1,24
BRDA:91,15,2,24
BRDA:91,15,3,24
BRDA:91,15,4,24
BRDA:91,15,5,24
BRDA:98,16,0,0
BRDA:98,16,1,6
BRDA:98,17,0,6
BRDA:98,17,1,6
BRDA:98,17,2,6
BRDA:101,18,0,5
BRDA:101,18,1,1
BRDA:108,19,0,0
BRDA:108,19,1,1
BRDA:109,20,0,0
BRDA:109,20,1,0
BRDA:109,21,0,0
BRDA:109,21,1,0
BRDA:121,22,0,4
BRDA:121,22,1,0
BRDA:126,23,0,0
BRDA:126,23,1,4
BRDA:126,24,0,4
BRDA:126,24,1,4
BRDA:154,25,0,5
BRDA:154,25,1,4
BRDA:156,26,0,1
BRDA:156,26,1,3
BRDA:156,27,0,4
BRDA:156,27,1,3
BRDA:160,28,0,0
BRDA:160,28,1,3
BRDA:160,29,0,3
BRDA:160,29,1,3
BRDA:163,30,0,0
BRDA:163,30,1,3
BRDA:163,31,0,3
BRDA:163,31,1,3
BRDA:163,31,2,3
BRDA:163,31,3,3
BRDA:170,32,0,6
BRDA:170,32,1,2
BRDA:172,33,0,0
BRDA:172,33,1,2
BRDA:178,34,0,0
BRDA:178,34,1,2
BRDA:178,35,0,2
BRDA:178,35,1,2
BRDA:178,35,2,2
BRDA:181,36,0,0
BRDA:181,36,1,2
BRDA:181,37,0,2
BRDA:181,37,1,2
BRDA:181,37,2,2
BRDA:184,38,0,1
BRDA:184,38,1,1
BRDA:184,39,0,2
BRDA:184,39,1,2
BRDA:184,39,2,1
BRDA:191,40,0,4
BRDA:191,40,1,3
BRDA:193,41,0,1
BRDA:193,41,1,2
BRDA:215,42,0,11
BRDA:215,42,1,5
BRDA:216,43,0,11
BRDA:216,43,1,9
BRDA:217,44,0,11
BRDA:217,44,1,8
BRDA:218,45,0,11
BRDA:218,45,1,6
BRDA:219,46,0,11
BRDA:219,46,1,6
BRDA:220,47,0,11
BRDA:220,47,1,8
BRDA:221,48,0,11
BRDA:221,48,1,8
BRDA:234,49,0,10
BRDA:234,49,1,0
BRDA:244,50,0,9
BRDA:244,50,1,5
BRDA:245,51,0,8
BRDA:245,51,1,6
BRDA:246,52,0,7
BRDA:246,52,1,4
BRDA:256,53,0,3
BRDA:256,53,1,3
BRDA:267,54,0,1
BRDA:267,54,1,5
BRDA:276,55,0,2
BRDA:276,55,1,4
BRDA:277,56,0,1
BRDA:277,56,1,1
BRDA:283,57,0,1
BRDA:283,57,1,0
BRDA:291,58,0,6
BRDA:291,58,1,0
BRDA:295,59,0,2
BRDA:295,59,1,4
BRDA:296,60,0,0
BRDA:296,60,1,6
BRDA:296,61,0,6
BRDA:296,61,1,4
BRDA:298,62,0,6
BRDA:298,62,1,3
BRDA:299,63,0,6
BRDA:299,63,1,3
BRDA:330,64,0,6
BRDA:330,64,1,0
BRDA:349,65,0,0
BRDA:349,65,1,7
BRDA:350,66,0,0
BRDA:350,66,1,7
BRDA:350,67,0,7
BRDA:350,67,1,7
BRDA:350,67,2,7
BRDA:355,68,0,2
BRDA:355,68,1,5
BRDA:366,69,0,1
BRDA:366,69,1,0
BRDA:400,70,0,1
BRDA:400,70,1,0
BRDA:400,71,0,1
BRDA:400,71,1,0
BRDA:400,72,0,1
BRDA:400,72,1,0
BRDA:400,73,0,0
BRDA:400,73,1,0
BRDA:411,74,0,0
BRDA:412,75,0,0
BRDA:412,75,1,11
BRDA:416,76,0,2
BRDA:416,76,1,9
BRDA:429,77,0,0
BRDA:429,77,1,12
BRDA:429,78,0,12
BRDA:429,78,1,12
BRDA:433,79,0,3
BRDA:433,79,1,9
BRDA:433,80,0,12
BRDA:433,80,1,3
BRDA:433,80,2,3
BRDA:461,81,0,1
BRDA:461,81,1,8
BRDA:461,82,0,9
BRDA:461,82,1,8
BRDA:476,83,0,0
BRDA:476,83,1,8
BRDA:476,84,0,8
BRDA:476,84,1,8
BRDA:480,85,0,5
BRDA:480,85,1,3
BRDA:480,86,0,8
BRDA:480,86,1,5
BRDA:480,86,2,5
BRDA:484,87,0,2
BRDA:484,87,1,3
BRDA:492,88,0,5
BRDA:492,88,1,1
BRDA:493,89,0,2
BRDA:493,89,1,3
BRDA:512,90,0,1
BRDA:512,90,1,3
BRDA:512,91,0,4
BRDA:512,91,1,3
BRDA:528,92,0,14
BRDA:528,92,1,0
BRF:202
BRH:165
end_of_record
TN:
SF:src\services\health.service.js
FN:28,getRedis
FN:33,cacheGetJSON
FN:39,cacheSetJSON
FN:55,(anonymous_3)
FN:67,(anonymous_4)
FN:83,(anonymous_5)
FN:107,(anonymous_6)
FN:123,(anonymous_7)
FN:138,(anonymous_8)
FN:160,(anonymous_9)
FN:196,(anonymous_10)
FN:245,(anonymous_11)
FN:272,(anonymous_12)
FN:324,(anonymous_13)
FN:403,(anonymous_14)
FN:427,(anonymous_15)
FN:457,(anonymous_16)
FN:466,(anonymous_17)
FN:483,(anonymous_18)
FN:512,(anonymous_19)
FN:528,getHealthService
FNF:21
FNH:20
FNDA:13,getRedis
FNDA:9,cacheGetJSON
FNDA:4,cacheSetJSON
FNDA:46,(anonymous_3)
FNDA:23,(anonymous_4)
FNDA:9,(anonymous_5)
FNDA:10,(anonymous_6)
FNDA:1,(anonymous_7)
FNDA:10,(anonymous_8)
FNDA:8,(anonymous_9)
FNDA:10,(anonymous_10)
FNDA:12,(anonymous_11)
FNDA:0,(anonymous_12)
FNDA:8,(anonymous_13)
FNDA:7,(anonymous_14)
FNDA:4,(anonymous_15)
FNDA:3,(anonymous_16)
FNDA:2,(anonymous_17)
FNDA:2,(anonymous_18)
FNDA:1,(anonymous_19)
FNDA:16,getHealthService
DA:3,16
DA:4,16
DA:5,16
DA:6,16
DA:7,16
DA:8,16
DA:9,16
DA:13,16
DA:18,16
DA:19,16
DA:20,16
DA:21,16
DA:22,16
DA:23,16
DA:29,13
DA:30,13
DA:31,13
DA:34,9
DA:35,9
DA:36,9
DA:37,2
DA:40,4
DA:41,4
DA:42,4
DA:43,4
DA:45,0
DA:56,46
DA:68,23
DA:69,22
DA:71,21
DA:74,21
DA:75,3
DA:77,18
DA:84,9
DA:85,9
DA:98,9
DA:99,9
DA:100,1
DA:102,8
DA:108,10
DA:109,0
DA:111,10
DA:112,10
DA:113,4
DA:115,6
DA:116,6
DA:117,6
DA:118,6
DA:120,6
DA:123,1
DA:125,6
DA:126,1
DA:127,1
DA:128,1
DA:130,5
DA:131,5
DA:132,5
DA:133,5
DA:139,10
DA:161,8
DA:162,8
DA:163,8
DA:197,10
DA:198,10
DA:199,7
DA:200,7
DA:201,6
DA:202,5
DA:208,1
DA:209,1
DA:210,1
DA:211,2
DA:212,3
DA:213,3
DA:214,3
DA:215,3
DA:216,3
DA:220,1
DA:221,1
DA:225,1
DA:229,3
DA:230,3
DA:231,3
DA:246,12
DA:247,3
DA:251,9
DA:252,9
DA:253,9
DA:254,2
DA:257,7
DA:258,7
DA:260,7
DA:261,7
DA:263,7
DA:264,7
DA:272,0
DA:275,7
DA:276,2
DA:277,2
DA:284,2
DA:285,2
DA:286,2
DA:289,5
DA:291,4
DA:301,4
DA:303,4
DA:311,4
DA:325,8
DA:326,7
DA:328,6
DA:329,6
DA:330,6
DA:331,6
DA:332,6
DA:334,6
DA:335,2
DA:363,4
DA:385,6
DA:397,6
DA:404,7
DA:405,7
DA:417,7
DA:428,4
DA:430,3
DA:431,3
DA:432,3
DA:433,3
DA:435,3
DA:437,3
DA:456,3
DA:457,3
DA:458,3
DA:467,2
DA:469,2
DA:474,2
DA:475,1
DA:477,1
DA:484,2
DA:486,2
DA:487,2
DA:489,2
DA:490,1
DA:491,1
DA:492,1
DA:494,1
DA:496,1
DA:497,1
DA:498,1
DA:501,2
DA:506,2
DA:513,1
DA:515,1
DA:529,16
DA:530,15
DA:532,16
DA:535,16
LF:156
LH:153
BRDA:18,0,0,16
BRDA:18,0,1,14
BRDA:19,1,0,16
BRDA:19,1,1,14
BRDA:20,2,0,16
BRDA:20,2,1,11
BRDA:21,3,0,16
BRDA:21,3,1,11
BRDA:22,4,0,16
BRDA:22,4,1,11
BRDA:23,5,0,16
BRDA:23,5,1,11
BRDA:30,6,0,0
BRDA:30,6,1,13
BRDA:36,7,0,7
BRDA:36,7,1,2
BRDA:42,8,0,4
BRDA:42,8,1,0
BRDA:68,9,0,1
BRDA:68,9,1,22
BRDA:69,10,0,1
BRDA:69,10,1,21
BRDA:74,11,0,3
BRDA:74,11,1,18
BRDA:74,12,0,21
BRDA:74,12,1,19
BRDA:99,13,0,1
BRDA:99,13,1,8
BRDA:99,14,0,9
BRDA:99,14,1,9
BRDA:108,15,0,0
BRDA:108,15,1,10
BRDA:108,16,0,10
BRDA:108,16,1,10
BRDA:112,17,0,4
BRDA:112,17,1,6
BRDA:112,18,0,10
BRDA:112,18,1,4
BRDA:123,19,0,1
BRDA:123,19,1,1
BRDA:125,20,0,1
BRDA:125,20,1,5
BRDA:125,21,0,6
BRDA:125,21,1,6
BRDA:130,22,0,5
BRDA:130,22,1,0
BRDA:131,23,0,5
BRDA:131,23,1,0
BRDA:160,24,0,0
BRDA:197,25,0,10
BRDA:197,25,1,9
BRDA:197,25,2,1
BRDA:197,25,3,2
BRDA:198,26,0,7
BRDA:198,26,1,3
BRDA:198,27,0,10
BRDA:198,27,1,3
BRDA:201,28,0,5
BRDA:201,28,1,1
BRDA:201,29,0,6
BRDA:201,29,1,6
BRDA:201,29,2,5
BRDA:201,29,3,5
BRDA:201,29,4,5
BRDA:208,30,0,1
BRDA:208,30,1,0
BRDA:208,31,0,1
BRDA:208,31,1,1
BRDA:212,32,0,3
BRDA:212,32,1,0
BRDA:212,33,0,3
BRDA:212,33,1,3
BRDA:220,34,0,1
BRDA:220,34,1,0
BRDA:246,35,0,3
BRDA:246,35,1,9
BRDA:246,36,0,12
BRDA:246,36,1,1
BRDA:253,37,0,2
BRDA:253,37,1,7
BRDA:253,38,0,9
BRDA:253,38,1,2
BRDA:253,38,2,2
BRDA:253,38,3,2
BRDA:272,39,0,0
BRDA:272,39,1,0
BRDA:275,40,0,2
BRDA:275,40,1,5
BRDA:275,41,0,7
BRDA:275,41,1,7
BRDA:285,42,0,1
BRDA:285,42,1,1
BRDA:324,43,0,2
BRDA:325,44,0,1
BRDA:325,44,1,7
BRDA:326,45,0,1
BRDA:326,45,1,6
BRDA:328,46,0,6
BRDA:328,46,1,0
BRDA:329,47,0,6
BRDA:329,47,1,0
BRDA:330,48,0,6
BRDA:330,48,1,0
BRDA:331,49,0,6
BRDA:331,49,1,0
BRDA:332,50,0,6
BRDA:332,50,1,6
BRDA:334,51,0,2
BRDA:334,51,1,4
BRDA:397,52,0,6
BRDA:397,52,1,0
BRDA:417,53,0,7
BRDA:417,53,1,5
BRDA:427,54,0,1
BRDA:427,55,0,1
BRDA:427,56,0,1
BRDA:432,57,0,3
BRDA:432,57,1,0
BRDA:433,58,0,3
BRDA:433,58,1,0
BRDA:456,59,0,3
BRDA:456,59,1,0
BRDA:474,60,0,1
BRDA:474,60,1,1
BRDA:483,61,0,1
BRDA:487,62,0,2
BRDA:487,62,1,0
BRDA:489,63,0,1
BRDA:489,63,1,1
BRDA:489,64,0,2
BRDA:489,64,1,1
BRDA:491,65,0,1
BRDA:491,65,1,0
BRDA:492,66,0,1
BRDA:492,66,1,0
BRDA:494,67,0,0
BRDA:494,67,1,1
BRDA:529,68,0,15
BRDA:529,68,1,1
BRF:139
BRH:116
end_of_record
TN:
SF:src\services\mlGateway.service.js
FN:10,(anonymous_0)
FN:24,(anonymous_1)
FN:32,(anonymous_2)
FN:33,(anonymous_3)
FN:50,(anonymous_4)
FN:54,(anonymous_5)
FN:80,(anonymous_6)
FN:83,(anonymous_7)
FN:94,(anonymous_8)
FN:105,(anonymous_9)
FN:110,(anonymous_10)
FN:114,(anonymous_11)
FN:118,(anonymous_12)
FN:125,(anonymous_13)
FN:131,(anonymous_14)
FN:141,(anonymous_15)
FN:150,(anonymous_16)
FN:166,(anonymous_17)
FN:202,(anonymous_18)
FN:218,(anonymous_19)
FN:254,(anonymous_20)
FN:288,(anonymous_21)
FN:343,(anonymous_22)
FN:351,(anonymous_23)
FN:389,(anonymous_24)
FN:404,(anonymous_25)
FN:431,(anonymous_26)
FN:455,getMLGatewayService
FNF:28
FNH:27
FNDA:58,(anonymous_0)
FNDA:45,(anonymous_1)
FNDA:35,(anonymous_2)
FNDA:325,(anonymous_3)
FNDA:34,(anonymous_4)
FNDA:28,(anonymous_5)
FNDA:7,(anonymous_6)
FNDA:7,(anonymous_7)
FNDA:2,(anonymous_8)
FNDA:33,(anonymous_9)
FNDA:24,(anonymous_10)
FNDA:7,(anonymous_11)
FNDA:5,(anonymous_12)
FNDA:5,(anonymous_13)
FNDA:26,(anonymous_14)
FNDA:13,(anonymous_15)
FNDA:23,(anonymous_16)
FNDA:4,(anonymous_17)
FNDA:5,(anonymous_18)
FNDA:0,(anonymous_19)
FNDA:28,(anonymous_20)
FNDA:23,(anonymous_21)
FNDA:14,(anonymous_22)
FNDA:39,(anonymous_23)
FNDA:1,(anonymous_24)
FNDA:6,(anonymous_25)
FNDA:4,(anonymous_26)
FNDA:17,getMLGatewayService
DA:3,27
DA:4,27
DA:5,27
DA:6,27
DA:7,27
DA:11,58
DA:13,58
DA:14,58
DA:15,58
DA:16,58
DA:19,58
DA:20,58
DA:21,58
DA:25,45
DA:26,20
DA:28,45
DA:33,35
DA:34,325
DA:35,95
DA:36,30
DA:38,65
DA:39,65
DA:40,65
DA:41,189
DA:43,65
DA:45,230
DA:47,35
DA:51,34
DA:55,28
DA:56,28
DA:57,26
DA:58,26
DA:60,28
DA:61,2
DA:63,28
DA:64,18
DA:66,28
DA:67,15
DA:69,28
DA:70,14
DA:71,14
DA:72,14
DA:74,14
DA:76,28
DA:77,28
DA:81,7
DA:82,7
DA:83,7
DA:84,7
DA:85,7
DA:86,25
DA:87,18
DA:90,7
DA:93,7
DA:94,2
DA:96,7
DA:97,1
DA:99,7
DA:100,1
DA:102,7
DA:106,33
DA:107,33
DA:111,24
DA:115,7
DA:120,5
DA:121,5
DA:122,5
DA:128,5
DA:132,26
DA:133,26
DA:134,5
DA:135,5
DA:137,0
DA:142,13
DA:143,13
DA:144,12
DA:146,1
DA:151,23
DA:152,23
DA:157,23
DA:158,23
DA:159,23
DA:161,23
DA:163,23
DA:164,23
DA:166,4
DA:169,3
DA:170,3
DA:175,3
DA:178,20
DA:179,20
DA:187,20
DA:188,14
DA:198,6
DA:199,6
DA:203,5
DA:204,5
DA:209,5
DA:210,5
DA:211,5
DA:213,5
DA:215,5
DA:216,5
DA:218,0
DA:221,0
DA:222,0
DA:227,0
DA:230,5
DA:231,5
DA:239,5
DA:240,4
DA:250,1
DA:251,1
DA:255,28
DA:256,28
DA:257,28
DA:258,28
DA:260,28
DA:262,4
DA:264,3
DA:266,2
DA:268,2
DA:270,1
DA:272,2
DA:274,2
DA:276,12
DA:277,9
DA:278,8
DA:279,4
DA:280,2
DA:289,23
DA:291,23
DA:292,23
DA:293,23
DA:295,23
DA:297,23
DA:298,19
DA:299,19
DA:300,2
DA:310,21
DA:311,13
DA:314,13
DA:315,13
DA:325,13
DA:326,9
DA:329,13
DA:344,14
DA:347,14
DA:348,3
DA:350,11
DA:351,39
DA:352,2
DA:354,9
DA:355,9
DA:356,2
DA:358,7
DA:359,2
DA:362,5
DA:363,5
DA:366,5
DA:374,5
DA:375,4
DA:377,4
DA:392,1
DA:405,6
DA:407,6
DA:408,6
DA:409,6
DA:412,6
DA:413,6
DA:414,2
DA:423,4
DA:424,3
DA:427,3
DA:428,3
DA:431,4
DA:441,3
DA:443,3
DA:456,17
DA:457,16
DA:459,17
DA:462,27
LF:182
LH:177
BRDA:13,0,0,58
BRDA:13,0,1,27
BRDA:14,1,0,58
BRDA:14,1,1,27
BRDA:15,2,0,58
BRDA:15,2,1,28
BRDA:16,3,0,58
BRDA:16,3,1,27
BRDA:19,4,0,58
BRDA:19,4,1,53
BRDA:19,4,2,0
BRDA:20,5,0,58
BRDA:20,5,1,53
BRDA:20,5,2,0
BRDA:21,6,0,58
BRDA:21,6,1,53
BRDA:25,7,0,20
BRDA:25,7,1,25
BRDA:34,8,0,95
BRDA:34,8,1,230
BRDA:34,9,0,325
BRDA:34,9,1,321
BRDA:35,10,0,30
BRDA:35,10,1,65
BRDA:56,11,0,26
BRDA:56,11,1,2
BRDA:60,12,0,2
BRDA:60,12,1,26
BRDA:63,13,0,18
BRDA:63,13,1,10
BRDA:66,14,0,15
BRDA:66,14,1,13
BRDA:69,15,0,14
BRDA:69,15,1,14
BRDA:69,16,0,28
BRDA:69,16,1,14
BRDA:70,17,0,13
BRDA:70,17,1,1
BRDA:71,18,0,12
BRDA:71,18,1,2
BRDA:76,19,0,6
BRDA:76,19,1,22
BRDA:82,20,0,7
BRDA:82,20,1,0
BRDA:86,21,0,18
BRDA:86,21,1,7
BRDA:93,22,0,1
BRDA:93,22,1,6
BRDA:96,23,0,1
BRDA:96,23,1,6
BRDA:99,24,0,1
BRDA:99,24,1,6
BRDA:133,25,0,21
BRDA:133,25,1,5
BRDA:143,26,0,12
BRDA:143,26,1,1
BRDA:157,27,0,23
BRDA:157,27,1,0
BRDA:158,28,0,15
BRDA:158,28,1,8
BRDA:159,29,0,10
BRDA:159,29,1,13
BRDA:166,30,0,4
BRDA:166,30,1,4
BRDA:184,31,0,20
BRDA:184,31,1,9
BRDA:184,31,2,6
BRDA:187,32,0,14
BRDA:187,32,1,6
BRDA:187,33,0,20
BRDA:187,33,1,20
BRDA:191,34,0,14
BRDA:191,34,1,0
BRDA:209,35,0,5
BRDA:209,35,1,0
BRDA:210,36,0,3
BRDA:210,36,1,2
BRDA:211,37,0,0
BRDA:211,37,1,5
BRDA:218,38,0,0
BRDA:218,38,1,0
BRDA:236,39,0,5
BRDA:236,39,1,2
BRDA:236,39,2,2
BRDA:239,40,0,4
BRDA:239,40,1,1
BRDA:239,41,0,5
BRDA:239,41,1,5
BRDA:243,42,0,4
BRDA:243,42,1,0
BRDA:255,43,0,28
BRDA:255,43,1,0
BRDA:256,44,0,28
BRDA:256,44,1,0
BRDA:257,45,0,28
BRDA:257,45,1,12
BRDA:258,46,0,28
BRDA:258,46,1,12
BRDA:260,47,0,4
BRDA:260,47,1,3
BRDA:260,47,2,2
BRDA:260,47,3,2
BRDA:260,47,4,1
BRDA:260,47,5,2
BRDA:260,47,6,2
BRDA:260,47,7,12
BRDA:262,48,0,4
BRDA:262,48,1,0
BRDA:262,49,0,4
BRDA:262,49,1,1
BRDA:264,50,0,3
BRDA:264,50,1,1
BRDA:264,51,0,3
BRDA:264,51,1,1
BRDA:266,52,0,2
BRDA:266,52,1,1
BRDA:266,53,0,2
BRDA:266,53,1,2
BRDA:268,54,0,2
BRDA:268,54,1,0
BRDA:268,55,0,2
BRDA:268,55,1,2
BRDA:270,56,0,1
BRDA:270,56,1,0
BRDA:270,57,0,1
BRDA:270,57,1,0
BRDA:270,58,0,1
BRDA:270,58,1,1
BRDA:270,59,0,1
BRDA:270,59,1,0
BRDA:272,60,0,2
BRDA:272,60,1,0
BRDA:272,61,0,2
BRDA:272,61,1,2
BRDA:274,62,0,2
BRDA:274,62,1,0
BRDA:274,63,0,2
BRDA:274,63,1,2
BRDA:276,64,0,3
BRDA:276,64,1,9
BRDA:277,65,0,1
BRDA:277,65,1,8
BRDA:278,66,0,4
BRDA:278,66,1,4
BRDA:278,67,0,8
BRDA:278,67,1,6
BRDA:279,68,0,2
BRDA:279,68,1,2
BRDA:279,69,0,4
BRDA:279,69,1,4
BRDA:297,70,0,19
BRDA:297,70,1,4
BRDA:299,71,0,2
BRDA:299,71,1,17
BRDA:299,72,0,19
BRDA:299,72,1,2
BRDA:304,73,0,2
BRDA:304,73,1,0
BRDA:311,74,0,13
BRDA:311,74,1,3
BRDA:314,75,0,13
BRDA:314,75,1,0
BRDA:316,76,0,13
BRDA:316,76,1,2
BRDA:316,76,2,0
BRDA:317,77,0,13
BRDA:317,77,1,2
BRDA:322,78,0,13
BRDA:322,78,1,2
BRDA:325,79,0,9
BRDA:325,79,1,4
BRDA:325,80,0,13
BRDA:325,80,1,9
BRDA:333,81,0,13
BRDA:333,81,1,3
BRDA:333,81,2,1
BRDA:333,81,3,2
BRDA:333,81,4,2
BRDA:343,82,0,5
BRDA:347,83,0,3
BRDA:347,83,1,11
BRDA:347,84,0,14
BRDA:347,84,1,13
BRDA:351,85,0,2
BRDA:351,85,1,9
BRDA:355,86,0,2
BRDA:355,86,1,7
BRDA:355,87,0,9
BRDA:355,87,1,7
BRDA:358,88,0,2
BRDA:358,88,1,5
BRDA:358,89,0,7
BRDA:358,89,1,5
BRDA:358,89,2,5
BRDA:358,89,3,5
BRDA:362,90,0,5
BRDA:362,90,1,3
BRDA:362,90,2,0
BRDA:363,91,0,1
BRDA:363,91,1,4
BRDA:371,92,0,1
BRDA:371,92,1,4
BRDA:374,93,0,5
BRDA:374,93,1,4
BRDA:375,94,0,4
BRDA:375,94,1,4
BRDA:375,94,2,0
BRDA:378,95,0,4
BRDA:378,95,1,0
BRDA:378,95,2,0
BRDA:379,96,0,4
BRDA:379,96,1,0
BRDA:380,97,0,4
BRDA:380,97,1,1
BRDA:381,98,0,4
BRDA:381,98,1,3
BRDA:382,99,0,3
BRDA:382,99,1,1
BRDA:382,100,0,3
BRDA:382,100,1,0
BRDA:413,101,0,2
BRDA:413,101,1,4
BRDA:413,102,0,6
BRDA:413,102,1,2
BRDA:418,103,0,2
BRDA:418,103,1,1
BRDA:424,104,0,3
BRDA:424,104,1,0
BRDA:427,105,0,3
BRDA:427,105,1,0
BRDA:429,106,0,3
BRDA:429,106,1,1
BRDA:429,106,2,0
BRDA:430,107,0,3
BRDA:430,107,1,1
BRDA:431,108,0,3
BRDA:431,108,1,0
BRDA:433,109,0,4
BRDA:433,109,1,4
BRDA:434,110,0,4
BRDA:434,110,1,3
BRDA:435,111,0,4
BRDA:435,111,1,4
BRDA:437,112,0,3
BRDA:437,112,1,3
BRDA:447,113,0,3
BRDA:447,113,1,0
BRDA:447,113,2,0
BRDA:447,113,3,0
BRDA:447,113,4,0
BRDA:456,114,0,16
BRDA:456,114,1,1
BRF:252
BRH:216
end_of_record
TN:
SF:src\services\recommendation.service.js
FN:24,getRedis
FN:32,cacheGetJSON
FN:43,cacheSetJSON
FN:54,stableHash
FN:59,toISODate
FN:67,addDays
FN:74,(anonymous_6)
FN:79,(anonymous_7)
FN:83,(anonymous_8)
FN:99,(anonymous_9)
FN:126,(anonymous_10)
FN:129,(anonymous_11)
FN:134,(anonymous_12)
FN:211,(anonymous_13)
FN:259,(anonymous_14)
FN:283,(anonymous_15)
FN:367,(anonymous_16)
FN:435,(anonymous_17)
FN:453,(anonymous_18)
FN:478,getRecommendationService
FNF:20
FNH:20
FNDA:19,getRedis
FNDA:4,cacheGetJSON
FNDA:9,cacheSetJSON
FNDA:2,stableHash
FNDA:6,toISODate
FNDA:16,addDays
FNDA:1,(anonymous_6)
FNDA:9,(anonymous_7)
FNDA:2,(anonymous_8)
FNDA:9,(anonymous_9)
FNDA:8,(anonymous_10)
FNDA:8,(anonymous_11)
FNDA:16,(anonymous_12)
FNDA:5,(anonymous_13)
FNDA:9,(anonymous_14)
FNDA:7,(anonymous_15)
FNDA:5,(anonymous_16)
FNDA:1,(anonymous_17)
FNDA:6,(anonymous_18)
FNDA:10,getRecommendationService
DA:3,16
DA:4,16
DA:5,16
DA:6,16
DA:7,16
DA:8,16
DA:9,16
DA:10,16
DA:13,16
DA:14,16
DA:15,16
DA:16,16
DA:18,16
DA:19,16
DA:25,19
DA:26,19
DA:27,0
DA:29,19
DA:33,4
DA:34,4
DA:35,4
DA:36,2
DA:37,2
DA:39,0
DA:44,9
DA:45,9
DA:46,9
DA:47,9
DA:50,0
DA:55,2
DA:56,2
DA:61,6
DA:62,0
DA:64,6
DA:68,16
DA:69,16
DA:70,16
DA:75,1
DA:76,1
DA:80,9
DA:84,2
DA:100,9
DA:101,9
DA:102,9
DA:103,0
DA:106,9
DA:107,9
DA:108,2
DA:109,2
DA:110,1
DA:115,8
DA:116,8
DA:117,8
DA:118,8
DA:124,8
DA:126,8
DA:128,8
DA:129,8
DA:132,8
DA:133,8
DA:134,16
DA:136,8
DA:137,8
DA:138,8
DA:140,8
DA:141,8
DA:144,8
DA:145,8
DA:146,8
DA:148,8
DA:149,8
DA:157,8
DA:158,8
DA:159,8
DA:160,8
DA:161,8
DA:163,8
DA:164,4
DA:165,3
DA:166,3
DA:167,1
DA:168,1
DA:169,1
DA:171,4
DA:172,1
DA:173,1
DA:176,8
DA:177,5
DA:190,5
DA:211,5
DA:222,8
DA:223,8
DA:224,8
DA:225,8
DA:226,6
DA:227,6
DA:228,2
DA:229,2
DA:231,4
DA:234,6
DA:242,6
DA:259,9
DA:265,8
DA:266,8
DA:267,8
DA:273,8
DA:284,7
DA:285,7
DA:286,1
DA:288,6
DA:289,0
DA:292,6
DA:293,6
DA:295,6
DA:296,8
DA:297,8
DA:298,8
DA:299,8
DA:301,8
DA:302,8
DA:304,8
DA:306,4
DA:324,4
DA:339,8
DA:351,8
DA:355,6
DA:357,6
DA:368,5
DA:376,4
DA:378,4
DA:379,0
DA:381,4
DA:382,0
DA:384,4
DA:385,1
DA:387,3
DA:388,1
DA:391,2
DA:392,2
DA:393,2
DA:396,2
DA:397,2
DA:398,2
DA:399,1
DA:403,1
DA:404,1
DA:405,1
DA:406,1
DA:407,1
DA:409,1
DA:410,1
DA:411,1
DA:413,1
DA:414,1
DA:415,1
DA:418,1
DA:434,1
DA:435,1
DA:436,1
DA:445,1
DA:446,1
DA:454,6
DA:455,6
DA:456,6
DA:457,6
DA:458,6
DA:459,6
DA:460,0
DA:462,6
DA:463,0
DA:464,0
DA:468,0
DA:472,0
DA:479,10
DA:480,1
DA:482,10
DA:485,16
LF:177
LH:164
BRDA:13,0,0,16
BRDA:13,0,1,15
BRDA:14,1,0,16
BRDA:14,1,1,15
BRDA:15,2,0,16
BRDA:15,2,1,15
BRDA:16,3,0,16
BRDA:16,3,1,15
BRDA:18,4,0,16
BRDA:18,4,1,15
BRDA:19,5,0,16
BRDA:19,5,1,15
BRDA:26,6,0,0
BRDA:26,6,1,19
BRDA:35,7,0,2
BRDA:35,7,1,2
BRDA:46,8,0,9
BRDA:46,8,1,0
BRDA:61,9,0,0
BRDA:61,9,1,6
BRDA:61,10,0,6
BRDA:61,10,1,0
BRDA:84,11,0,2
BRDA:84,11,1,0
BRDA:99,12,0,0
BRDA:100,13,0,0
BRDA:101,14,0,0
BRDA:101,14,1,9
BRDA:102,15,0,0
BRDA:102,15,1,9
BRDA:102,16,0,9
BRDA:102,16,1,0
BRDA:107,17,0,2
BRDA:107,17,1,7
BRDA:109,18,0,1
BRDA:109,18,1,1
BRDA:109,19,0,2
BRDA:109,19,1,1
BRDA:124,20,0,8
BRDA:124,20,1,0
BRDA:129,21,0,8
BRDA:129,21,1,0
BRDA:134,22,0,8
BRDA:134,22,1,0
BRDA:136,23,0,8
BRDA:136,23,1,0
BRDA:137,24,0,8
BRDA:137,24,1,0
BRDA:138,25,0,8
BRDA:138,25,1,0
BRDA:140,26,0,8
BRDA:140,26,1,0
BRDA:141,27,0,8
BRDA:141,27,1,0
BRDA:141,28,0,8
BRDA:141,28,1,8
BRDA:145,29,0,8
BRDA:145,29,1,0
BRDA:146,30,0,8
BRDA:146,30,1,0
BRDA:157,31,0,8
BRDA:157,31,1,0
BRDA:160,32,0,8
BRDA:160,32,1,4
BRDA:161,33,0,8
BRDA:161,33,1,4
BRDA:161,33,2,1
BRDA:163,34,0,4
BRDA:163,34,1,4
BRDA:164,35,0,3
BRDA:164,35,1,1
BRDA:164,36,0,4
BRDA:164,36,1,1
BRDA:167,37,0,1
BRDA:167,37,1,0
BRDA:167,38,0,1
BRDA:167,38,1,1
BRDA:167,38,2,1
BRDA:171,39,0,1
BRDA:171,39,1,3
BRDA:176,40,0,5
BRDA:176,40,1,3
BRDA:178,41,0,3
BRDA:178,41,1,2
BRDA:182,42,0,1
BRDA:182,42,1,1
BRDA:198,43,0,5
BRDA:198,43,1,0
BRDA:199,44,0,5
BRDA:199,44,1,0
BRDA:205,45,0,5
BRDA:205,45,1,0
BRDA:222,46,0,8
BRDA:222,46,1,0
BRDA:222,47,0,8
BRDA:222,47,1,8
BRDA:225,48,0,6
BRDA:225,48,1,2
BRDA:225,49,0,8
BRDA:225,49,1,8
BRDA:227,50,0,2
BRDA:227,50,1,4
BRDA:227,51,0,6
BRDA:227,51,1,5
BRDA:234,52,0,2
BRDA:234,52,1,4
BRDA:250,53,0,6
BRDA:250,53,1,0
BRDA:251,54,0,6
BRDA:251,54,1,0
BRDA:283,55,0,0
BRDA:283,56,0,1
BRDA:284,57,0,0
BRDA:284,57,1,7
BRDA:285,58,0,1
BRDA:285,58,1,6
BRDA:285,59,0,7
BRDA:285,59,1,0
BRDA:288,60,0,0
BRDA:288,60,1,6
BRDA:298,61,0,8
BRDA:298,61,1,0
BRDA:299,62,0,5
BRDA:299,62,1,3
BRDA:301,63,0,0
BRDA:301,63,1,8
BRDA:302,64,0,0
BRDA:302,64,1,8
BRDA:304,65,0,4
BRDA:304,65,1,4
BRDA:351,66,0,8
BRDA:351,66,1,0
BRDA:367,67,0,0
BRDA:368,68,0,1
BRDA:368,68,1,4
BRDA:374,69,0,2
BRDA:375,70,0,2
BRDA:378,71,0,0
BRDA:378,71,1,4
BRDA:378,72,0,4
BRDA:378,72,1,3
BRDA:381,73,0,0
BRDA:381,73,1,4
BRDA:381,74,0,4
BRDA:381,74,1,3
BRDA:384,75,0,1
BRDA:384,75,1,3
BRDA:384,76,0,4
BRDA:384,76,1,3
BRDA:384,76,2,3
BRDA:387,77,0,1
BRDA:387,77,1,2
BRDA:387,78,0,3
BRDA:387,78,1,3
BRDA:398,79,0,1
BRDA:398,79,1,1
BRDA:398,80,0,2
BRDA:398,80,1,1
BRDA:405,81,0,1
BRDA:405,81,1,0
BRDA:409,82,0,1
BRDA:409,82,1,0
BRDA:413,83,0,1
BRDA:413,83,1,0
BRDA:434,84,0,1
BRDA:434,84,1,0
BRDA:457,85,0,6
BRDA:457,85,1,0
BRDA:462,86,0,0
BRDA:462,86,1,6
BRDA:479,87,0,1
BRDA:479,87,1,9
BRF:172
BRH:127
end_of_record
TN:
SF:src\services\satellite.service.js
FN:23,(anonymous_0)
FN:41,(anonymous_1)
FN:50,(anonymous_2)
FN:56,(anonymous_3)
FN:60,(anonymous_4)
FN:78,(anonymous_5)
FN:98,(anonymous_6)
FN:130,(anonymous_7)
FN:138,(anonymous_8)
FN:155,(anonymous_9)
FN:175,(anonymous_10)
FN:178,(anonymous_11)
FN:207,(anonymous_12)
FN:208,(anonymous_13)
FN:220,(anonymous_14)
FN:227,(anonymous_15)
FN:262,(anonymous_16)
FN:307,(anonymous_17)
FN:351,(anonymous_18)
FN:355,(anonymous_19)
FN:364,(anonymous_20)
FN:411,(anonymous_21)
FN:420,(anonymous_22)
FN:421,(anonymous_23)
FN:435,(anonymous_24)
FN:442,(anonymous_25)
FN:477,(anonymous_26)
FN:478,(anonymous_27)
FN:481,(anonymous_28)
FN:482,(anonymous_29)
FN:509,getSatelliteService
FNF:31
FNH:30
FNDA:57,(anonymous_0)
FNDA:196,(anonymous_1)
FNDA:177,(anonymous_2)
FNDA:182,(anonymous_3)
FNDA:177,(anonymous_4)
FNDA:171,(anonymous_5)
FNDA:183,(anonymous_6)
FNDA:354,(anonymous_7)
FNDA:173,(anonymous_8)
FNDA:6,(anonymous_9)
FNDA:173,(anonymous_10)
FNDA:255,(anonymous_11)
FNDA:164,(anonymous_12)
FNDA:164,(anonymous_13)
FNDA:164,(anonymous_14)
FNDA:171,(anonymous_15)
FNDA:178,(anonymous_16)
FNDA:3,(anonymous_17)
FNDA:6,(anonymous_18)
FNDA:10,(anonymous_19)
FNDA:13,(anonymous_20)
FNDA:8,(anonymous_21)
FNDA:5,(anonymous_22)
FNDA:0,(anonymous_23)
FNDA:3,(anonymous_24)
FNDA:6,(anonymous_25)
FNDA:7,(anonymous_26)
FNDA:28,(anonymous_27)
FNDA:14,(anonymous_28)
FNDA:14,(anonymous_29)
FNDA:20,getSatelliteService
DA:3,29
DA:4,29
DA:5,29
DA:6,29
DA:7,29
DA:24,57
DA:27,57
DA:28,57
DA:29,57
DA:31,57
DA:32,57
DA:33,57
DA:34,57
DA:36,57
DA:37,57
DA:38,57
DA:42,196
DA:43,21
DA:45,196
DA:51,177
DA:52,177
DA:53,177
DA:57,182
DA:61,177
DA:62,177
DA:63,8
DA:64,8
DA:65,6
DA:66,6
DA:67,6
DA:74,2
DA:79,171
DA:85,171
DA:86,169
DA:88,2
DA:99,183
DA:100,183
DA:101,183
DA:102,183
DA:109,2
DA:111,181
DA:112,181
DA:113,4
DA:116,177
DA:117,177
DA:119,177
DA:120,177
DA:122,177
DA:123,177
DA:124,177
DA:125,177
DA:127,177
DA:131,354
DA:132,354
DA:133,354
DA:139,173
DA:141,6
DA:143,173
DA:144,173
DA:145,161
DA:147,12
DA:148,12
DA:149,12
DA:150,12
DA:152,12
DA:155,6
DA:157,12
DA:158,2
DA:159,2
DA:160,2
DA:162,10
DA:163,10
DA:164,10
DA:165,10
DA:176,173
DA:178,255
DA:182,173
DA:183,91
DA:200,82
DA:207,164
DA:208,164
DA:209,82
DA:211,82
DA:220,164
DA:229,171
DA:230,171
DA:231,171
DA:263,178
DA:266,178
DA:267,3
DA:269,175
DA:271,175
DA:272,175
DA:273,175
DA:274,5
DA:279,5
DA:281,3
DA:283,2
DA:292,170
DA:293,170
DA:295,170
DA:296,169
DA:298,169
DA:299,169
DA:307,3
DA:310,169
DA:311,1
DA:312,1
DA:317,1
DA:318,1
DA:319,1
DA:322,168
DA:323,168
DA:324,168
DA:326,168
DA:328,168
DA:329,168
DA:337,168
DA:352,6
DA:356,10
DA:357,10
DA:365,13
DA:368,13
DA:369,1
DA:371,12
DA:372,0
DA:374,12
DA:375,12
DA:376,12
DA:377,12
DA:378,12
DA:386,2
DA:388,10
DA:391,10
DA:392,10
DA:393,8
DA:395,8
DA:396,4
DA:397,4
DA:398,4
DA:399,4
DA:404,6
DA:405,6
DA:406,6
DA:411,8
DA:416,6
DA:417,6
DA:420,6
DA:421,5
DA:422,0
DA:423,0
DA:424,0
DA:425,0
DA:426,0
DA:427,0
DA:432,6
DA:436,3
DA:437,3
DA:438,2
DA:443,6
DA:444,6
DA:445,6
DA:446,6
DA:447,6
DA:449,6
DA:450,6
DA:451,6
DA:453,6
DA:454,318
DA:456,318
DA:467,0
DA:471,6
DA:472,6
DA:473,6
DA:478,28
DA:479,7
DA:481,14
DA:482,7
DA:483,14
DA:484,14
DA:489,7
DA:490,7
DA:491,7
DA:492,7
DA:494,7
DA:495,7
DA:496,46
DA:497,476
DA:500,7
DA:510,20
DA:511,19
DA:513,20
DA:516,29
LF:193
LH:185
BRDA:27,0,0,57
BRDA:27,0,1,52
BRDA:28,1,0,57
BRDA:28,1,1,55
BRDA:29,2,0,57
BRDA:29,2,1,55
BRDA:31,3,0,57
BRDA:31,3,1,45
BRDA:32,4,0,57
BRDA:32,4,1,45
BRDA:33,5,0,57
BRDA:33,5,1,45
BRDA:34,6,0,57
BRDA:34,6,1,45
BRDA:42,7,0,21
BRDA:42,7,1,175
BRDA:51,8,0,177
BRDA:51,8,1,0
BRDA:52,9,0,177
BRDA:52,9,1,0
BRDA:62,10,0,169
BRDA:62,10,1,8
BRDA:65,11,0,0
BRDA:65,11,1,6
BRDA:65,12,0,6
BRDA:65,12,1,6
BRDA:70,13,0,6
BRDA:70,13,1,0
BRDA:82,14,0,171
BRDA:82,14,1,0
BRDA:85,15,0,169
BRDA:85,15,1,2
BRDA:102,16,0,2
BRDA:102,16,1,181
BRDA:103,17,0,183
BRDA:103,17,1,183
BRDA:103,17,2,183
BRDA:103,17,3,183
BRDA:103,17,4,182
BRDA:112,18,0,4
BRDA:112,18,1,177
BRDA:112,19,0,181
BRDA:112,19,1,179
BRDA:112,19,2,178
BRDA:112,19,3,178
BRDA:139,20,0,6
BRDA:139,20,1,167
BRDA:139,21,0,173
BRDA:139,21,1,167
BRDA:144,22,0,161
BRDA:144,22,1,12
BRDA:144,23,0,173
BRDA:144,23,1,161
BRDA:155,24,0,6
BRDA:155,24,1,6
BRDA:157,25,0,2
BRDA:157,25,1,10
BRDA:157,26,0,12
BRDA:157,26,1,12
BRDA:162,27,0,10
BRDA:162,27,1,0
BRDA:163,28,0,10
BRDA:163,28,1,0
BRDA:176,29,0,173
BRDA:176,29,1,0
BRDA:182,30,0,91
BRDA:182,30,1,82
BRDA:182,31,0,173
BRDA:182,31,1,91
BRDA:207,32,0,164
BRDA:207,32,1,80
BRDA:262,33,0,3
BRDA:262,34,0,5
BRDA:266,35,0,3
BRDA:266,35,1,175
BRDA:266,36,0,178
BRDA:266,36,1,0
BRDA:273,37,0,5
BRDA:273,37,1,170
BRDA:279,38,0,3
BRDA:279,38,1,2
BRDA:279,39,0,5
BRDA:279,39,1,5
BRDA:307,40,0,3
BRDA:307,40,1,3
BRDA:310,41,0,1
BRDA:310,41,1,168
BRDA:310,42,0,169
BRDA:310,42,1,169
BRDA:324,43,0,168
BRDA:324,43,1,0
BRDA:364,44,0,2
BRDA:364,45,0,4
BRDA:368,46,0,1
BRDA:368,46,1,12
BRDA:368,47,0,13
BRDA:368,47,1,12
BRDA:371,48,0,0
BRDA:371,48,1,12
BRDA:371,49,0,12
BRDA:371,49,1,0
BRDA:378,50,0,2
BRDA:378,50,1,10
BRDA:379,51,0,12
BRDA:379,51,1,12
BRDA:379,51,2,12
BRDA:379,51,3,12
BRDA:379,51,4,12
BRDA:379,51,5,10
BRDA:388,52,0,10
BRDA:388,52,1,0
BRDA:388,53,0,0
BRDA:388,53,1,0
BRDA:392,54,0,8
BRDA:392,54,1,2
BRDA:395,55,0,4
BRDA:395,55,1,4
BRDA:398,56,0,4
BRDA:398,56,1,0
BRDA:417,57,0,4
BRDA:417,57,1,2
BRDA:423,58,0,0
BRDA:423,58,1,0
BRDA:437,59,0,1
BRDA:437,59,1,2
BRDA:444,60,0,0
BRDA:444,60,1,6
BRDA:510,61,0,19
BRDA:510,61,1,1
BRF:129
BRH:110
end_of_record
TN:
SF:src\services\weather.service.js
FN:17,(anonymous_0)
FN:27,(anonymous_1)
FN:34,(anonymous_2)
FN:43,(anonymous_3)
FN:51,(anonymous_4)
FN:55,(anonymous_5)
FN:68,(anonymous_6)
FN:79,(anonymous_7)
FN:114,(anonymous_8)
FN:137,(anonymous_9)
FN:192,(anonymous_10)
FN:246,(anonymous_11)
FN:248,(anonymous_12)
FN:257,(anonymous_13)
FN:257,(anonymous_14)
FN:263,(anonymous_15)
FN:274,(anonymous_16)
FN:312,(anonymous_17)
FN:349,getWeatherService
FNF:19
FNH:18
FNDA:57,(anonymous_0)
FNDA:39,(anonymous_1)
FNDA:32,(anonymous_2)
FNDA:26,(anonymous_3)
FNDA:21,(anonymous_4)
FNDA:29,(anonymous_5)
FNDA:18,(anonymous_6)
FNDA:0,(anonymous_7)
FNDA:5,(anonymous_8)
FNDA:20,(anonymous_9)
FNDA:5,(anonymous_10)
FNDA:4,(anonymous_11)
FNDA:12,(anonymous_12)
FNDA:8,(anonymous_13)
FNDA:20,(anonymous_14)
FNDA:6,(anonymous_15)
FNDA:2,(anonymous_16)
FNDA:3,(anonymous_17)
FNDA:30,getWeatherService
DA:3,29
DA:4,29
DA:5,29
DA:6,29
DA:7,29
DA:18,57
DA:21,57
DA:22,57
DA:23,57
DA:24,57
DA:28,39
DA:29,28
DA:31,39
DA:36,32
DA:37,32
DA:38,3
DA:40,29
DA:44,26
DA:45,4
DA:47,22
DA:48,22
DA:52,21
DA:56,29
DA:57,27
DA:59,26
DA:62,26
DA:63,2
DA:65,24
DA:69,18
DA:70,18
DA:72,18
DA:73,18
DA:74,23
DA:75,23
DA:79,0
DA:82,20
DA:83,11
DA:84,11
DA:85,11
DA:89,9
DA:90,3
DA:91,3
DA:96,3
DA:97,3
DA:98,3
DA:102,6
DA:105,6
DA:106,3
DA:108,3
DA:112,9
DA:113,5
DA:114,5
DA:115,5
DA:116,5
DA:118,4
DA:121,4
DA:122,4
DA:127,4
DA:128,4
DA:129,4
DA:130,4
DA:138,20
DA:139,20
DA:140,18
DA:141,16
DA:143,14
DA:144,14
DA:145,14
DA:146,6
DA:147,6
DA:153,8
DA:154,8
DA:158,8
DA:159,8
DA:160,3
DA:168,3
DA:169,3
DA:170,3
DA:176,5
DA:177,5
DA:178,1
DA:179,1
DA:184,4
DA:193,5
DA:194,5
DA:195,5
DA:196,5
DA:198,5
DA:199,5
DA:200,5
DA:201,2
DA:202,2
DA:208,3
DA:209,3
DA:213,3
DA:214,3
DA:215,3
DA:223,3
DA:224,3
DA:225,3
DA:230,0
DA:231,0
DA:232,0
DA:233,0
DA:238,0
DA:247,4
DA:248,4
DA:249,12
DA:250,12
DA:251,12
DA:252,12
DA:253,12
DA:254,12
DA:255,12
DA:257,20
DA:258,4
DA:259,4
DA:260,4
DA:264,6
DA:265,6
DA:266,6
DA:275,2
DA:276,2
DA:277,2
DA:278,2
DA:280,2
DA:281,2
DA:282,2
DA:283,1
DA:284,1
DA:287,1
DA:288,1
DA:290,1
DA:291,1
DA:293,1
DA:302,1
DA:303,1
DA:305,1
DA:313,3
DA:314,3
DA:316,3
DA:317,3
DA:318,3
DA:319,1
DA:320,1
DA:323,2
DA:324,2
DA:326,2
DA:327,2
DA:329,2
DA:337,2
DA:338,2
DA:340,2
DA:350,30
DA:351,15
DA:353,30
DA:356,29
LF:157
LH:151
BRDA:22,0,0,57
BRDA:22,0,1,57
BRDA:23,1,0,57
BRDA:23,1,1,57
BRDA:24,2,0,57
BRDA:24,2,1,57
BRDA:28,3,0,28
BRDA:28,3,1,11
BRDA:36,4,0,32
BRDA:36,4,1,3
BRDA:37,5,0,3
BRDA:37,5,1,29
BRDA:44,6,0,4
BRDA:44,6,1,22
BRDA:44,7,0,26
BRDA:44,7,1,22
BRDA:56,8,0,2
BRDA:56,8,1,27
BRDA:57,9,0,1
BRDA:57,9,1,26
BRDA:62,10,0,2
BRDA:62,10,1,24
BRDA:79,11,0,0
BRDA:79,11,1,0
BRDA:82,12,0,11
BRDA:82,12,1,9
BRDA:82,13,0,20
BRDA:82,13,1,20
BRDA:89,14,0,3
BRDA:89,14,1,6
BRDA:89,15,0,9
BRDA:89,15,1,9
BRDA:105,16,0,3
BRDA:105,16,1,3
BRDA:112,17,0,5
BRDA:112,17,1,4
BRDA:124,18,0,4
BRDA:124,18,1,0
BRDA:145,19,0,6
BRDA:145,19,1,8
BRDA:163,20,0,3
BRDA:163,20,1,0
BRDA:177,21,0,1
BRDA:177,21,1,4
BRDA:200,22,0,2
BRDA:200,22,1,3
BRDA:218,23,0,3
BRDA:218,23,1,0
BRDA:231,24,0,0
BRDA:231,24,1,0
BRDA:247,25,0,4
BRDA:247,25,1,0
BRDA:249,26,0,12
BRDA:249,26,1,0
BRDA:251,27,0,12
BRDA:251,27,1,3
BRDA:252,28,0,12
BRDA:252,28,1,0
BRDA:252,29,0,12
BRDA:252,29,1,12
BRDA:253,30,0,12
BRDA:253,30,1,0
BRDA:253,31,0,12
BRDA:253,31,1,12
BRDA:254,32,0,9
BRDA:254,32,1,3
BRDA:257,33,0,20
BRDA:257,33,1,5
BRDA:282,34,0,1
BRDA:282,34,1,1
BRDA:291,35,0,1
BRDA:291,35,1,0
BRDA:318,36,0,1
BRDA:318,36,1,2
BRDA:327,37,0,2
BRDA:327,37,1,0
BRDA:350,38,0,15
BRDA:350,38,1,15
BRF:78
BRH:65
end_of_record
